<?xml version="1.0" encoding="utf-8"?>
<TestRun id="dd509967-fcae-4f46-80d8-2999c52110b4" name="Cemal@ASUSTOWER 2026-04-27 05:06:59" runUser="AsusTower\Cemal" xmlns="http://microsoft.com/schemas/VisualStudio/TeamTest/2010">
  <Times creation="2026-04-27T05:06:59.9957923+02:00" queuing="2026-04-27T05:06:59.9957926+02:00" start="2026-04-27T05:06:57.4534498+02:00" finish="2026-04-27T05:07:18.1237818+02:00" />
  <TestSettings name="default" id="d2af19dc-466a-44f6-8dcd-4d19b24e0e36">
    <Deployment runDeploymentRoot="Cemal_ASUSTOWER_2026-04-27_05_06_59" />
  </TestSettings>
  <Results>
    <UnitTestResult executionId="06d6ce3f-e732-4ede-868b-b970e2618760" testId="1a723bab-3ad2-e26f-dca0-2d4eee2da7c4" testName="Romulus.Tests.IntegrityServiceCoverageBoostTests.ApplyPatch_IpsFormat_PatchExpandsOutput" computerName="ASUSTOWER" duration="00:00:00.0328450" startTime="2026-04-27T05:07:02.8698319+02:00" endTime="2026-04-27T05:07:02.9026426+02:00" testType="13cdc9d9-ddb5-4fa4-a97d-d965ccfc6d4b" outcome="Passed" testListId="8c84fa94-04c1-424b-9868-57a2d4851a1d" relativeResultsDirectory="06d6ce3f-e732-4ede-868b-b970e2618760" />
    <UnitTestResult executionId="293269eb-1f1b-4e08-b9d2-77d9d0b0ef49" testId="8e1d3eee-caa7-8135-0dd4-a0713846dfa5" testName="Romulus.Tests.RunEnvironmentBuilderTests.BuildConsoleMap_PackMatch_MatchesNoIntroDailyPackFilename" computerName="ASUSTOWER" duration="00:00:00.0111120" startTime="2026-04-27T05:07:15.2483869+02:00" endTime="2026-04-27T05:07:15.2593160+02:00" testType="13cdc9d9-ddb5-4fa4-a97d-d965ccfc6d4b" outcome="Passed" testListId="8c84fa94-04c1-424b-9868-57a2d4851a1d" relativeResultsDirectory="293269eb-1f1b-4e08-b9d2-77d9d0b0ef49" />
    <UnitTestResult executionId="e541c7b1-42a7-4623-bae0-c251ccd7e33c" testId="01685b49-d569-77d6-d707-69ed2fdb1c21" testName="Romulus.Tests.ArtifactPathResolverTests.GetArtifactDirectory_SingleRoot_ReturnsSiblingDirectory" computerName="ASUSTOWER" duration="00:00:00.0036031" startTime="2026-04-27T05:07:09.9558944+02:00" endTime="2026-04-27T05:07:09.9592193+02:00" testType="13cdc9d9-ddb5-4fa4-a97d-d965ccfc6d4b" outcome="Passed" testListId="8c84fa94-04c1-424b-9868-57a2d4851a1d" relativeResultsDirectory="e541c7b1-42a7-4623-bae0-c251ccd7e33c" />
    <UnitTestResult executionId="febf37c2-f976-403f-bd23-6f44615c8bde" testId="7df00e2f-b6e6-b9d6-04dd-a4dbf884e6c6" testName="Romulus.Tests.Phase6CoreIoAndI18nRedTests.WpfFeatureFiles_MustNotContainTrackedGermanLiterals(relativePath: &quot;src/Romulus.UI.Wpf/Services/FeatureService.Export.&quot;···)" computerName="ASUSTOWER" duration="00:00:00.0001687" startTime="2026-04-27T05:07:13.7776745+02:00" endTime="2026-04-27T05:07:13.7778013+02:00" testType="13cdc9d9-ddb5-4fa4-a97d-d965ccfc6d4b" outcome="Passed" testListId="8c84fa94-04c1-424b-9868-57a2d4851a1d" relativeResultsDirectory="febf37c2-f976-403f-bd23-6f44615c8bde" />
    <UnitTestResult executionId="fe56bce5-3313-4d44-9154-f91a99c4ed2e" testId="3710c791-e574-e48a-7573-d0c33cfba789" testName="Romulus.Tests.ResolveUnknownDatMatchTests.ResolveUnknownDatMatch_MultipleMatches_HypothesisMatchesCandidate_Resolves" computerName="ASUSTOWER" duration="00:00:00.0003384" startTime="2026-04-27T05:07:17.2051233+02:00" endTime="2026-04-27T05:07:17.2051859+02:00" testType="13cdc9d9-ddb5-4fa4-a97d-d965ccfc6d4b" outcome="Passed" testListId="8c84fa94-04c1-424b-9868-57a2d4851a1d" relativeResultsDirectory="fe56bce5-3313-4d44-9154-f91a99c4ed2e" />
    <UnitTestResult executionId="846ca8e5-761f-49b1-b166-856b254295e0" testId="b168620c-11f6-8ca5-84bf-11b4cece1ac5" testName="Romulus.Tests.Benchmark.HoldoutExpanderTests.GetStubForSystem_UsesCanonicalVariant(system: &quot;SAT&quot;, generator: &quot;sega-ipbin&quot;, variant: &quot;saturn&quot;)" computerName="ASUSTOWER" duration="00:00:00.0003516" startTime="2026-04-27T05:07:02.9225322+02:00" endTime="2026-04-27T05:07:02.9226300+02:00" testType="13cdc9d9-ddb5-4fa4-a97d-d965ccfc6d4b" outcome="Passed" testListId="8c84fa94-04c1-424b-9868-57a2d4851a1d" relativeResultsDirectory="846ca8e5-761f-49b1-b166-856b254295e0" />
    <UnitTestResult executionId="62bb5adc-2d72-458d-a809-4035b042408a" testId="6021c6c9-8c1e-cbbb-f1af-c8e82b7566ab" testName="Romulus.Tests.ArtifactPathResolverTests.NormalizeRoot_TrimsTrailingSeparators" computerName="ASUSTOWER" duration="00:00:00.0021545" startTime="2026-04-27T05:07:09.9364287+02:00" endTime="2026-04-27T05:07:09.9385250+02:00" testType="13cdc9d9-ddb5-4fa4-a97d-d965ccfc6d4b" outcome="Passed" testListId="8c84fa94-04c1-424b-9868-57a2d4851a1d" relativeResultsDirectory="62bb5adc-2d72-458d-a809-4035b042408a" />
    <UnitTestResult executionId="725306ad-ef35-4db2-be7e-f410d1ae92b0" testId="780bdf4b-367c-4330-edd9-d9e9c8fd8a9b" testName="Romulus.Tests.ProfileValidatorAndPathCoverageTests.ValidateSettings_ValidConflictPolicy_NoError(policy: &quot;Rename&quot;)" computerName="ASUSTOWER" duration="00:00:00.0001382" startTime="2026-04-27T05:07:07.0082502+02:00" endTime="2026-04-27T05:07:07.0082937+02:00" testType="13cdc9d9-ddb5-4fa4-a97d-d965ccfc6d4b" outcome="Passed" testListId="8c84fa94-04c1-424b-9868-57a2d4851a1d" relativeResultsDirectory="725306ad-ef35-4db2-be7e-f410d1ae92b0" />
    <UnitTestResult executionId="9a42f574-0ac8-4924-8ba5-cae4e8f1f3a1" testId="7b45316a-f96a-536c-44b5-e24a31bb884c" testName="Romulus.Tests.AuditCsvStoreTests.TestMetadataSidecar_ReturnsFalseIfMissing" computerName="ASUSTOWER" duration="00:00:00.0007214" startTime="2026-04-27T05:07:02.0707852+02:00" endTime="2026-04-27T05:07:02.0712013+02:00" testType="13cdc9d9-ddb5-4fa4-a97d-d965ccfc6d4b" outcome="Passed" testListId="8c84fa94-04c1-424b-9868-57a2d4851a1d" relativeResultsDirectory="9a42f574-0ac8-4924-8ba5-cae4e8f1f3a1" />
    <UnitTestResult executionId="44830c47-cb71-4b9b-a9b8-2a08e0bad1dd" testId="a0fcc02e-2639-937c-8c20-39caaffe6680" testName="Romulus.Tests.ResolveUnknownDatMatchTests.ResolveUnknownDatNameMatch_MultipleMatches_NoDetection_ReturnsNoMatch" computerName="ASUSTOWER" duration="00:00:00.0001479" startTime="2026-04-27T05:07:17.2073086+02:00" endTime="2026-04-27T05:07:17.2074349+02:00" testType="13cdc9d9-ddb5-4fa4-a97d-d965ccfc6d4b" outcome="Passed" testListId="8c84fa94-04c1-424b-9868-57a2d4851a1d" relativeResultsDirectory="44830c47-cb71-4b9b-a9b8-2a08e0bad1dd" />
    <UnitTestResult executionId="d1454b20-481f-41f8-84fa-738b68b2d8f1" testId="06038c16-b055-a45d-84a0-a94016e7f71e" testName="Romulus.Tests.RunEnvironmentBuilderTests.BuildConsoleMap_ExactIdMatch_FindsDatInNestedFolder" computerName="ASUSTOWER" duration="00:00:00.0111556" startTime="2026-04-27T05:07:15.2888359+02:00" endTime="2026-04-27T05:07:15.2998520+02:00" testType="13cdc9d9-ddb5-4fa4-a97d-d965ccfc6d4b" outcome="Passed" testListId="8c84fa94-04c1-424b-9868-57a2d4851a1d" relativeResultsDirectory="d1454b20-481f-41f8-84fa-738b68b2d8f1" />
    <UnitTestResult executionId="a03e62fb-7365-4e71-a1d5-26b8aa2d497e" testId="6c2710f3-54e0-e7d4-bd90-9bb5bdbe635c" testName="Romulus.Tests.CliRedPhaseTests.ParseArgs_Log_MissingValue_ShouldReturnExitCode3_Issue9" computerName="ASUSTOWER" duration="00:00:00.0008704" startTime="2026-04-27T05:07:06.6025506+02:00" endTime="2026-04-27T05:07:06.6029032+02:00" testType="13cdc9d9-ddb5-4fa4-a97d-d965ccfc6d4b" outcome="Passed" testListId="8c84fa94-04c1-424b-9868-57a2d4851a1d" relativeResultsDirectory="a03e62fb-7365-4e71-a1d5-26b8aa2d497e" />
    <UnitTestResult executionId="1183a561-7a4c-474f-b786-0312e5343224" testId="4f7c6ea7-d93b-9dd4-9d05-5c655ebfc786" testName="Romulus.Tests.GameKeyNormalizerTests.Normalize_IsIdempotent(input: &quot;Game (Europe) (Rev A) [!]&quot;)" computerName="ASUSTOWER" duration="00:00:00.0002044" startTime="2026-04-27T05:07:16.3187819+02:00" endTime="2026-04-27T05:07:16.3188414+02:00" testType="13cdc9d9-ddb5-4fa4-a97d-d965ccfc6d4b" outcome="Passed" testListId="8c84fa94-04c1-424b-9868-57a2d4851a1d" relativeResultsDirectory="1183a561-7a4c-474f-b786-0312e5343224" />
    <UnitTestResult executionId="6dfbd77e-4105-46e2-85c4-231ec399f507" testId="e65b18b0-5358-6dfd-f1f1-d5b613df691f" testName="Romulus.Tests.TddRedPhaseHardcoreTests.Orchestrator_PreviewVsMove_MustHaveSameDedupeDecisions" computerName="ASUSTOWER" duration="00:00:00.0862485" startTime="2026-04-27T05:07:15.9527557+02:00" endTime="2026-04-27T05:07:16.0390044+02:00" testType="13cdc9d9-ddb5-4fa4-a97d-d965ccfc6d4b" outcome="Passed" testListId="8c84fa94-04c1-424b-9868-57a2d4851a1d" relativeResultsDirectory="6dfbd77e-4105-46e2-85c4-231ec399f507" />
    <UnitTestResult executionId="2f6a9008-ed0e-4372-8102-36cce6be4749" testId="5d6efca9-e7a2-74d6-4625-7ec1635d4b13" testName="Romulus.Tests.ClassifierAndRuleEngineCoverageTests.IsNonRomExtension_NullOrWhitespace_False(ext: &quot;&quot;)" computerName="ASUSTOWER" duration="00:00:00.0000056" startTime="2026-04-27T05:06:59.9792841+02:00" endTime="2026-04-27T05:06:59.9793180+02:00" testType="13cdc9d9-ddb5-4fa4-a97d-d965ccfc6d4b" outcome="Passed" testListId="8c84fa94-04c1-424b-9868-57a2d4851a1d" relativeResultsDirectory="2f6a9008-ed0e-4372-8102-36cce6be4749" />
    <UnitTestResult executionId="27df0e96-3529-409f-9866-ad72b60b1d69" testId="398f766e-90b3-418d-59ca-ccf54e1532c3" testName="Romulus.Tests.GameKeyNormalizerTests.PS3EditionVariants_SameKey" computerName="ASUSTOWER" duration="00:00:00.0002318" startTime="2026-04-27T05:07:16.3226997+02:00" endTime="2026-04-27T05:07:16.3227206+02:00" testType="13cdc9d9-ddb5-4fa4-a97d-d965ccfc6d4b" outcome="Passed" testListId="8c84fa94-04c1-424b-9868-57a2d4851a1d" relativeResultsDirectory="27df0e96-3529-409f-9866-ad72b60b1d69" />
    <UnitTestResult executionId="00f7d8bc-6473-4a97-8fed-9e4de4c8f8d0" testId="e7644b58-ea2d-f014-f173-bb2c232c0638" testName="Romulus.Tests.OpenApiSpecRegressionTests.OpenApiSpec_DeclaresRunHistory_And_ArtifactDownloadPaths" computerName="ASUSTOWER" duration="00:00:00.4633662" startTime="2026-04-27T05:07:12.4611722+02:00" endTime="2026-04-27T05:07:12.9255714+02:00" testType="13cdc9d9-ddb5-4fa4-a97d-d965ccfc6d4b" outcome="Passed" testListId="8c84fa94-04c1-424b-9868-57a2d4851a1d" relativeResultsDirectory="00f7d8bc-6473-4a97-8fed-9e4de4c8f8d0" />
    <UnitTestResult executionId="26a833a2-8d80-44e1-87cc-cab34cbc28bd" testId="acde871a-0f70-a905-ee5f-43969d995998" testName="Romulus.Tests.ProfileValidatorAndPathCoverageTests.ValidateSettings_InvalidConvertFormat_Error" computerName="ASUSTOWER" duration="00:00:00.0001544" startTime="2026-04-27T05:07:07.0079604+02:00" endTime="2026-04-27T05:07:07.0080050+02:00" testType="13cdc9d9-ddb5-4fa4-a97d-d965ccfc6d4b" outcome="Passed" testListId="8c84fa94-04c1-424b-9868-57a2d4851a1d" relativeResultsDirectory="26a833a2-8d80-44e1-87cc-cab34cbc28bd" />
    <UnitTestResult executionId="1875a01d-ca21-4268-bc9c-71d18d30c505" testId="ef8c6452-b628-407d-41b9-e8f1633c98b5" testName="Romulus.Tests.GameKeyNormalizerTests.PS3PreReleaseTags_Stripped(input: &quot;Game (USA) (Demo)&quot;)" computerName="ASUSTOWER" duration="00:00:00.0000185" startTime="2026-04-27T05:07:16.3180146+02:00" endTime="2026-04-27T05:07:16.3180659+02:00" testType="13cdc9d9-ddb5-4fa4-a97d-d965ccfc6d4b" outcome="Passed" testListId="8c84fa94-04c1-424b-9868-57a2d4851a1d" relativeResultsDirectory="1875a01d-ca21-4268-bc9c-71d18d30c505" />
    <UnitTestResult executionId="225bf9fc-f6a9-4390-9d3b-651559b5a22d" testId="4075d849-7697-9024-5645-e42e28edf94e" testName="Romulus.Tests.ToolRunnerAdapterCoverageTests.FindTool_7zInSubfolder_ResolvedViaOverride" computerName="ASUSTOWER" duration="00:00:00.0022688" startTime="2026-04-27T05:07:13.9993252+02:00" endTime="2026-04-27T05:07:14.0015011+02:00" testType="13cdc9d9-ddb5-4fa4-a97d-d965ccfc6d4b" outcome="Passed" testListId="8c84fa94-04c1-424b-9868-57a2d4851a1d" relativeResultsDirectory="225bf9fc-f6a9-4390-9d3b-651559b5a22d" />
    <UnitTestResult executionId="0c499432-7587-4fe6-b8d9-5b5dbef2f7eb" testId="0b14ec05-ae6b-03fa-47ad-16d999bee4f0" testName="Romulus.Tests.ClassifierAndRuleEngineCoverageTests.Analyze_BiosEdgeCases_Detected(baseName: &quot;SCPH 70012&quot;)" computerName="ASUSTOWER" duration="00:00:00.0000038" startTime="2026-04-27T05:07:00.1033499+02:00" endTime="2026-04-27T05:07:00.1034161+02:00" testType="13cdc9d9-ddb5-4fa4-a97d-d965ccfc6d4b" outcome="Passed" testListId="8c84fa94-04c1-424b-9868-57a2d4851a1d" relativeResultsDirectory="0c499432-7587-4fe6-b8d9-5b5dbef2f7eb" />
    <UnitTestResult executionId="ab7e1178-01a2-430b-8a2b-c4c9eebb0a09" testId="86efd469-64c0-3f85-5330-ee72d734f170" testName="Romulus.Tests.ReportGeneratorTests.GenerateHtml_ContainsTable" computerName="ASUSTOWER" duration="00:00:00.0005700" startTime="2026-04-27T05:07:16.3283262+02:00" endTime="2026-04-27T05:07:16.3284041+02:00" testType="13cdc9d9-ddb5-4fa4-a97d-d965ccfc6d4b" outcome="Passed" testListId="8c84fa94-04c1-424b-9868-57a2d4851a1d" relativeResultsDirectory="ab7e1178-01a2-430b-8a2b-c4c9eebb0a09" />
    <UnitTestResult executionId="35624915-67a9-4cd1-96fc-04afe5210627" testId="a6b3bac5-5667-49b5-9728-caabf36967cf" testName="Romulus.Tests.OpenApiProductizationTests.OpenApiSpec_DeclaresProductizationPaths_AndSchemas" computerName="ASUSTOWER" duration="00:00:00.9310453" startTime="2026-04-27T05:07:09.9835649+02:00" endTime="2026-04-27T05:07:10.9158502+02:00" testType="13cdc9d9-ddb5-4fa4-a97d-d965ccfc6d4b" outcome="Passed" testListId="8c84fa94-04c1-424b-9868-57a2d4851a1d" relativeResultsDirectory="35624915-67a9-4cd1-96fc-04afe5210627" />
    <UnitTestResult executionId="44aa89d9-8289-4e9c-9266-2bca528cbb26" testId="41fd7f7c-8f10-b338-66c4-b1d49e6c3c4e" testName="Romulus.Tests.ToolRunnerAdapterCoverageTests.FindTool_NullOrWhitespace_ReturnsNull(toolName: &quot;   &quot;)" computerName="ASUSTOWER" duration="00:00:00.0021820" startTime="2026-04-27T05:07:14.0942970+02:00" endTime="2026-04-27T05:07:14.0955049+02:00" testType="13cdc9d9-ddb5-4fa4-a97d-d965ccfc6d4b" outcome="Passed" testListId="8c84fa94-04c1-424b-9868-57a2d4851a1d" relativeResultsDirectory="44aa89d9-8289-4e9c-9266-2bca528cbb26" />
    <UnitTestResult executionId="1426f850-c185-4356-90ba-d22542c74a23" testId="88bfa2ff-86e0-44c9-613e-7cd6e2caab06" testName="Romulus.Tests.TddRedPhaseHardcoreTests.Scan_UnicodeRootPath_MustEnumerateCorrectly" computerName="ASUSTOWER" duration="00:00:00.0036479" startTime="2026-04-27T05:07:16.0739427+02:00" endTime="2026-04-27T05:07:16.0773958+02:00" testType="13cdc9d9-ddb5-4fa4-a97d-d965ccfc6d4b" outcome="Passed" testListId="8c84fa94-04c1-424b-9868-57a2d4851a1d" relativeResultsDirectory="1426f850-c185-4356-90ba-d22542c74a23" />
    <UnitTestResult executionId="132fd612-8b7b-4465-acee-483df2acdf5f" testId="8fea1d5b-0455-e88e-dc9d-8470d3b13f1a" testName="Romulus.Tests.Hashing.ChdTrackHashExtractorTests.ExtractDataSha1_EmptyPath_ReturnsNull" computerName="ASUSTOWER" duration="00:00:00.0007264" startTime="2026-04-27T05:07:17.1774499+02:00" endTime="2026-04-27T05:07:17.1778243+02:00" testType="13cdc9d9-ddb5-4fa4-a97d-d965ccfc6d4b" outcome="Passed" testListId="8c84fa94-04c1-424b-9868-57a2d4851a1d" relativeResultsDirectory="132fd612-8b7b-4465-acee-483df2acdf5f" />
    <UnitTestResult executionId="83ba3750-efb4-4a95-93a1-95c433f763c2" testId="d1fa3b55-7565-c3de-3882-24878dd198bd" testName="Romulus.Tests.AuditCsvStoreTests.AppendAuditRows_WhenReplaceFails_LeavesExistingAuditUnchanged" computerName="ASUSTOWER" duration="00:00:00.0132537" startTime="2026-04-27T05:07:02.0501488+02:00" endTime="2026-04-27T05:07:02.0624657+02:00" testType="13cdc9d9-ddb5-4fa4-a97d-d965ccfc6d4b" outcome="Passed" testListId="8c84fa94-04c1-424b-9868-57a2d4851a1d" relativeResultsDirectory="83ba3750-efb4-4a95-93a1-95c433f763c2" />
    <UnitTestResult executionId="196a6e8a-f341-4d44-a0d8-481f8d11452f" testId="cd6c26dd-07c9-f21d-10e7-077648e44bdf" testName="Romulus.Tests.CollectionIndexCandidateMapperTests.ToEntry_ThenToCandidate_PreservesCandidateTruth" computerName="ASUSTOWER" duration="00:00:00.0046359" startTime="2026-04-27T05:07:14.2604086+02:00" endTime="2026-04-27T05:07:14.2648324+02:00" testType="13cdc9d9-ddb5-4fa4-a97d-d965ccfc6d4b" outcome="Passed" testListId="8c84fa94-04c1-424b-9868-57a2d4851a1d" relativeResultsDirectory="196a6e8a-f341-4d44-a0d8-481f8d11452f" />
    <UnitTestResult executionId="e3f4fd62-71ab-451f-8055-95892eacb46e" testId="77ed81a2-7b74-5f03-0a5f-d586f790672c" testName="Romulus.Tests.GameKeyNormalizerTests.PS3BudgetLabels_Stripped" computerName="ASUSTOWER" duration="00:00:00.0001390" startTime="2026-04-27T05:07:16.3276034+02:00" endTime="2026-04-27T05:07:16.3276488+02:00" testType="13cdc9d9-ddb5-4fa4-a97d-d965ccfc6d4b" outcome="Passed" testListId="8c84fa94-04c1-424b-9868-57a2d4851a1d" relativeResultsDirectory="e3f4fd62-71ab-451f-8055-95892eacb46e" />
    <UnitTestResult executionId="002ceb12-2366-41f5-8cf7-2bb65913eb01" testId="4f98772f-94ec-d19e-a895-98dcbd154454" testName="Romulus.Tests.GameKeyNormalizerTests.PS3ComplexFilename_ProducesSameKey" computerName="ASUSTOWER" duration="00:00:00.0004043" startTime="2026-04-27T05:07:16.3269820+02:00" endTime="2026-04-27T05:07:16.3270380+02:00" testType="13cdc9d9-ddb5-4fa4-a97d-d965ccfc6d4b" outcome="Passed" testListId="8c84fa94-04c1-424b-9868-57a2d4851a1d" relativeResultsDirectory="002ceb12-2366-41f5-8cf7-2bb65913eb01" />
    <UnitTestResult executionId="9c320183-5ecc-4ec7-af9b-b401988d19e6" testId="d5491fd1-3548-23e6-5348-973e75db77b4" testName="Romulus.Tests.ProfileValidatorAndPathCoverageTests.ValidateSettings_InvalidRegionChars_Error" computerName="ASUSTOWER" duration="00:00:00.0001510" startTime="2026-04-27T05:07:07.0259420+02:00" endTime="2026-04-27T05:07:07.0259918+02:00" testType="13cdc9d9-ddb5-4fa4-a97d-d965ccfc6d4b" outcome="Passed" testListId="8c84fa94-04c1-424b-9868-57a2d4851a1d" relativeResultsDirectory="9c320183-5ecc-4ec7-af9b-b401988d19e6" />
    <UnitTestResult executionId="8b738a1f-ade8-444f-97f1-e5e6ff3e8e6d" testId="15935e88-ae5f-dbda-ce52-57c59f5db2da" testName="Romulus.Tests.RunEnvironmentBuilderTests.BuildConsoleMap_SupplementalDats_CollectsSecondDatForSameConsoleKey" computerName="ASUSTOWER" duration="00:00:00.0072817" startTime="2026-04-27T05:07:15.3480355+02:00" endTime="2026-04-27T05:07:15.3553831+02:00" testType="13cdc9d9-ddb5-4fa4-a97d-d965ccfc6d4b" outcome="Passed" testListId="8c84fa94-04c1-424b-9868-57a2d4851a1d" relativeResultsDirectory="8b738a1f-ade8-444f-97f1-e5e6ff3e8e6d" />
    <UnitTestResult executionId="87b08838-de07-4f3a-90ef-50036ebe6ce4" testId="0162fad4-5243-da77-b747-5095de3f13f7" testName="Romulus.Tests.RunHistoryTrendServiceTests.FormatTrendReport_EmptyHistory_ReturnsEmptyMessage" computerName="ASUSTOWER" duration="00:00:00.0001116" startTime="2026-04-27T05:07:03.0698019+02:00" endTime="2026-04-27T05:07:03.0698511+02:00" testType="13cdc9d9-ddb5-4fa4-a97d-d965ccfc6d4b" outcome="Passed" testListId="8c84fa94-04c1-424b-9868-57a2d4851a1d" relativeResultsDirectory="87b08838-de07-4f3a-90ef-50036ebe6ce4" />
    <UnitTestResult executionId="85416751-a0c1-4e04-9880-38665cb1bb5e" testId="5f0e920b-fb28-7712-fe4c-2c7dd314ce13" testName="Romulus.Tests.ClassifierAndRuleEngineCoverageTests.IsNonRomExtension_NonRomWithDot_True(ext: &quot;.exe&quot;)" computerName="ASUSTOWER" duration="00:00:00.0000020" startTime="2026-04-27T05:06:59.9828093+02:00" endTime="2026-04-27T05:06:59.9828717+02:00" testType="13cdc9d9-ddb5-4fa4-a97d-d965ccfc6d4b" outcome="Passed" testListId="8c84fa94-04c1-424b-9868-57a2d4851a1d" relativeResultsDirectory="85416751-a0c1-4e04-9880-38665cb1bb5e" />
    <UnitTestResult executionId="4d19189d-1db1-48ff-abeb-008b631eb0d5" testId="9f9be696-a2b4-7748-c251-7e59badde08e" testName="Romulus.Tests.GameKeyNormalizerTests.PS3PreReleaseTags_Stripped(input: &quot;Game (USA) (Kiosk Demo)&quot;)" computerName="ASUSTOWER" duration="00:00:00.0000197" startTime="2026-04-27T05:07:16.3175347+02:00" endTime="2026-04-27T05:07:16.3176009+02:00" testType="13cdc9d9-ddb5-4fa4-a97d-d965ccfc6d4b" outcome="Passed" testListId="8c84fa94-04c1-424b-9868-57a2d4851a1d" relativeResultsDirectory="4d19189d-1db1-48ff-abeb-008b631eb0d5" />
    <UnitTestResult executionId="50163b14-38f9-4f7d-8911-4ce304bd95d2" testId="f4d77c38-028d-9b96-2328-b40c890b4b7d" testName="Romulus.Tests.ReportGeneratorTests.GenerateCsv_QuotesFieldsWithComma" computerName="ASUSTOWER" duration="00:00:00.0001287" startTime="2026-04-27T05:07:16.3293386+02:00" endTime="2026-04-27T05:07:16.3293785+02:00" testType="13cdc9d9-ddb5-4fa4-a97d-d965ccfc6d4b" outcome="Passed" testListId="8c84fa94-04c1-424b-9868-57a2d4851a1d" relativeResultsDirectory="50163b14-38f9-4f7d-8911-4ce304bd95d2" />
    <UnitTestResult executionId="ef231fa2-421c-4619-bed6-94af28af9b5e" testId="1bc62a84-9c10-cc27-6ea7-fb4c61d3f494" testName="Romulus.Tests.RunProjectionConsistencyTests.RunProjection_ConversionKpiAdditivity" computerName="ASUSTOWER" duration="00:00:00.0004481" startTime="2026-04-27T05:07:02.5071431+02:00" endTime="2026-04-27T05:07:02.5074331+02:00" testType="13cdc9d9-ddb5-4fa4-a97d-d965ccfc6d4b" outcome="Passed" testListId="8c84fa94-04c1-424b-9868-57a2d4851a1d" relativeResultsDirectory="ef231fa2-421c-4619-bed6-94af28af9b5e" />
    <UnitTestResult executionId="3be2261a-c6ac-4165-b5a9-14f4ca9ca8dd" testId="ea171e69-9506-ed9b-ad90-b374e6670ce8" testName="Romulus.Tests.SecurityTests.CsvInjection_AllVectors_Prefixed(input: &quot;@SUM(1+1)*cmd|'/C calc'!A1&quot;)" computerName="ASUSTOWER" duration="00:00:00.0011075" startTime="2026-04-27T05:07:14.2816984+02:00" endTime="2026-04-27T05:07:14.2828918+02:00" testType="13cdc9d9-ddb5-4fa4-a97d-d965ccfc6d4b" outcome="Passed" testListId="8c84fa94-04c1-424b-9868-57a2d4851a1d" relativeResultsDirectory="3be2261a-c6ac-4165-b5a9-14f4ca9ca8dd" />
    <UnitTestResult executionId="ef11ecaf-e93d-4c1c-90da-31d862d4a661" testId="ac4a2d72-63a0-a6f5-e810-8190b74400be" testName="Romulus.Tests.RunEnvironmentBuilderTests.ResolveRuntimeDatConsoleKey_EmptyAndWhitespace_StillDropped" computerName="ASUSTOWER" duration="00:00:00.0053307" startTime="2026-04-27T05:07:15.2370186+02:00" endTime="2026-04-27T05:07:15.2422337+02:00" testType="13cdc9d9-ddb5-4fa4-a97d-d965ccfc6d4b" outcome="Passed" testListId="8c84fa94-04c1-424b-9868-57a2d4851a1d" relativeResultsDirectory="ef11ecaf-e93d-4c1c-90da-31d862d4a661" />
    <UnitTestResult executionId="4cca5f0d-095b-49b9-a99d-fbdc45a7ccc0" testId="434697ba-e55c-e838-9b01-8116efbc4e85" testName="Romulus.Tests.SafetyValidatorCoverageTests.EnsureSafeOutputPath_UNC_AllowedByDefault" computerName="ASUSTOWER" duration="00:00:02.6748706" startTime="2026-04-27T05:07:07.2010069+02:00" endTime="2026-04-27T05:07:09.8759559+02:00" testType="13cdc9d9-ddb5-4fa4-a97d-d965ccfc6d4b" outcome="Passed" testListId="8c84fa94-04c1-424b-9868-57a2d4851a1d" relativeResultsDirectory="4cca5f0d-095b-49b9-a99d-fbdc45a7ccc0" />
    <UnitTestResult executionId="4488587f-609d-4194-be84-9d361429f932" testId="ff53cb15-2fb2-caf2-b1e9-6aa5c61b0dd1" testName="Romulus.Tests.TddRedPhaseHardcoreTests.Classification_NotForResale_AsWord_MustBeJunk" computerName="ASUSTOWER" duration="00:00:00.0009672" startTime="2026-04-27T05:07:16.0922860+02:00" endTime="2026-04-27T05:07:16.0930978+02:00" testType="13cdc9d9-ddb5-4fa4-a97d-d965ccfc6d4b" outcome="Passed" testListId="8c84fa94-04c1-424b-9868-57a2d4851a1d" relativeResultsDirectory="4488587f-609d-4194-be84-9d361429f932" />
    <UnitTestResult executionId="0835610f-5016-4f78-b523-50dd91cd0ba9" testId="60b136f0-071e-faf6-fe35-0b449b1327eb" testName="Romulus.Tests.IntegrityServiceCoverageBoostTests.ReadUInt16BigEndian_MaxValue" computerName="ASUSTOWER" duration="00:00:00.0017938" startTime="2026-04-27T05:07:02.8678977+02:00" endTime="2026-04-27T05:07:02.8695232+02:00" testType="13cdc9d9-ddb5-4fa4-a97d-d965ccfc6d4b" outcome="Passed" testListId="8c84fa94-04c1-424b-9868-57a2d4851a1d" relativeResultsDirectory="0835610f-5016-4f78-b523-50dd91cd0ba9" />
    <UnitTestResult executionId="bed9ffca-f0c3-48d4-8236-849605a8a7cc" testId="186678a8-3b04-2229-bf8e-1e4c0192c3ec" testName="Romulus.Tests.ArtifactPathResolverTests.NormalizeRootForIdentity_IsStableForSameInput" computerName="ASUSTOWER" duration="00:00:00.0034112" startTime="2026-04-27T05:07:09.9607959+02:00" endTime="2026-04-27T05:07:09.9629460+02:00" testType="13cdc9d9-ddb5-4fa4-a97d-d965ccfc6d4b" outcome="Passed" testListId="8c84fa94-04c1-424b-9868-57a2d4851a1d" relativeResultsDirectory="bed9ffca-f0c3-48d4-8236-849605a8a7cc" />
    <UnitTestResult executionId="66db7d42-e88e-419b-97a6-a2cbb05670ed" testId="9d7c5950-ca5d-4732-00bc-51b3d45a2864" testName="Romulus.Tests.FamilyDatStrategyTests.ResolvePolicy_Hybrid_DisablesNameOnly" computerName="ASUSTOWER" duration="00:00:00.0001263" startTime="2026-04-27T05:07:02.9693919+02:00" endTime="2026-04-27T05:07:02.9695415+02:00" testType="13cdc9d9-ddb5-4fa4-a97d-d965ccfc6d4b" outcome="Passed" testListId="8c84fa94-04c1-424b-9868-57a2d4851a1d" relativeResultsDirectory="66db7d42-e88e-419b-97a6-a2cbb05670ed" />
    <UnitTestResult executionId="ac8833ae-53d9-4b3c-b07b-c30490cc25eb" testId="1202eadc-ac14-ebde-9033-4fb24829f21b" testName="Romulus.Tests.DecisionResolverTests.Resolve_MapsTierConflictAndConfidence(tier: Tier0_ExactDat, hasConflict: True, confidence: 100, expected: Review)" computerName="ASUSTOWER" duration="00:00:00.0000027" startTime="2026-04-27T05:07:13.7979807+02:00" endTime="2026-04-27T05:07:13.7980443+02:00" testType="13cdc9d9-ddb5-4fa4-a97d-d965ccfc6d4b" outcome="Passed" testListId="8c84fa94-04c1-424b-9868-57a2d4851a1d" relativeResultsDirectory="ac8833ae-53d9-4b3c-b07b-c30490cc25eb" />
    <UnitTestResult executionId="7d25e4a2-b84c-47e8-aeac-fd28f27bf325" testId="e42f89c8-f741-a194-18e7-d375225fdcb3" testName="Romulus.Tests.ToolInvokerAdapterCoverageTests.Invoke_ToolProcessFails_ReturnsError" computerName="ASUSTOWER" duration="00:00:00.0019319" startTime="2026-04-27T05:07:02.6113434+02:00" endTime="2026-04-27T05:07:02.6131899+02:00" testType="13cdc9d9-ddb5-4fa4-a97d-d965ccfc6d4b" outcome="Passed" testListId="8c84fa94-04c1-424b-9868-57a2d4851a1d" relativeResultsDirectory="7d25e4a2-b84c-47e8-aeac-fd28f27bf325" />
    <UnitTestResult executionId="cd3653fd-765b-4fd5-9aab-93f8908ce6a6" testId="7942cbb8-bec7-d9a1-effe-61fcaff91239" testName="Romulus.Tests.ProfileValidatorAndPathCoverageTests.ValidateSettings_InvalidExtension_Error" computerName="ASUSTOWER" duration="00:00:00.0001914" startTime="2026-04-27T05:07:07.0048955+02:00" endTime="2026-04-27T05:07:07.0049384+02:00" testType="13cdc9d9-ddb5-4fa4-a97d-d965ccfc6d4b" outcome="Passed" testListId="8c84fa94-04c1-424b-9868-57a2d4851a1d" relativeResultsDirectory="cd3653fd-765b-4fd5-9aab-93f8908ce6a6" />
    <UnitTestResult executionId="b7dcec09-6b6f-4991-89ca-088748346073" testId="ad9b95a3-44fe-099a-728e-34c7267c2ed2" testName="Romulus.Tests.ClassifierAndRuleEngineCoverageTests.Analyze_JunkWords_Detected(baseName: &quot;gamelist.xml&quot;)" computerName="ASUSTOWER" duration="00:00:00.0000061" startTime="2026-04-27T05:07:00.0169194+02:00" endTime="2026-04-27T05:07:00.0169451+02:00" testType="13cdc9d9-ddb5-4fa4-a97d-d965ccfc6d4b" outcome="Passed" testListId="8c84fa94-04c1-424b-9868-57a2d4851a1d" relativeResultsDirectory="b7dcec09-6b6f-4991-89ca-088748346073" />
    <UnitTestResult executionId="e2454a50-c26e-40ef-9b20-618d9304b474" testId="9a1f6023-c806-3a2c-9b32-bcd726d38076" testName="Romulus.Tests.GameKeyNormalizerTests.BadDumpAndHackTags_ProduceSameKey(input: &quot;Game (Europe) [h]&quot;)" computerName="ASUSTOWER" duration="00:00:00.0001676" startTime="2026-04-27T05:07:16.3199294+02:00" endTime="2026-04-27T05:07:16.3199786+02:00" testType="13cdc9d9-ddb5-4fa4-a97d-d965ccfc6d4b" outcome="Passed" testListId="8c84fa94-04c1-424b-9868-57a2d4851a1d" relativeResultsDirectory="e2454a50-c26e-40ef-9b20-618d9304b474" />
    <UnitTestResult executionId="007451a6-788b-4e18-b7f4-071e0727e976" testId="6b072cb5-d9af-9658-cbee-f51ae791bf3e" testName="Romulus.Tests.TddRedPhaseHardcoreTests.GameKey_ArticleVariants_TheLegendOfZelda_MustProduceSameKey" computerName="ASUSTOWER" duration="00:00:00.0021159" startTime="2026-04-27T05:07:15.9159742+02:00" endTime="2026-04-27T05:07:15.9171734+02:00" testType="13cdc9d9-ddb5-4fa4-a97d-d965ccfc6d4b" outcome="Passed" testListId="8c84fa94-04c1-424b-9868-57a2d4851a1d" relativeResultsDirectory="007451a6-788b-4e18-b7f4-071e0727e976" />
    <UnitTestResult executionId="1933a025-d308-405b-a4da-34ed2edd056d" testId="6daa0c62-ff33-3bf1-6493-6e68760c41a1" testName="Romulus.Tests.GameKeyNormalizerTests.PS3VersionPrefix_Stripped" computerName="ASUSTOWER" duration="00:00:00.0001933" startTime="2026-04-27T05:07:16.3218344+02:00" endTime="2026-04-27T05:07:16.3218886+02:00" testType="13cdc9d9-ddb5-4fa4-a97d-d965ccfc6d4b" outcome="Passed" testListId="8c84fa94-04c1-424b-9868-57a2d4851a1d" relativeResultsDirectory="1933a025-d308-405b-a4da-34ed2edd056d" />
    <UnitTestResult executionId="f828fe76-f931-442b-80dd-8af14b5438fb" testId="d4e560f2-0762-30b8-e40f-43937392cd84" testName="Romulus.Tests.RunEnvironmentBuilderTests.ResolveEffectiveDatRoot_SettingsRootWithoutDatFiles_FallsBackToAutoDetectedStateRoot" computerName="ASUSTOWER" duration="00:00:00.0260068" startTime="2026-04-27T05:07:15.6918608+02:00" endTime="2026-04-27T05:07:15.7177878+02:00" testType="13cdc9d9-ddb5-4fa4-a97d-d965ccfc6d4b" outcome="Passed" testListId="8c84fa94-04c1-424b-9868-57a2d4851a1d" relativeResultsDirectory="f828fe76-f931-442b-80dd-8af14b5438fb" />
    <UnitTestResult executionId="1f7b1552-d20b-44b3-9b9e-bd4f76e1002f" testId="58392469-9bdb-d763-00a7-1146a5441ddc" testName="Romulus.Tests.ArtifactPathResolverTests.GetArtifactDirectory_MultiRoot_ReturnsAppDataArtifactDirectory" computerName="ASUSTOWER" duration="00:00:00.0061962" startTime="2026-04-27T05:07:09.9495822+02:00" endTime="2026-04-27T05:07:09.9554916+02:00" testType="13cdc9d9-ddb5-4fa4-a97d-d965ccfc6d4b" outcome="Passed" testListId="8c84fa94-04c1-424b-9868-57a2d4851a1d" relativeResultsDirectory="1f7b1552-d20b-44b3-9b9e-bd4f76e1002f" />
    <UnitTestResult executionId="826692b6-ba2e-4354-bdd7-c8bc4084de3e" testId="666a8d21-892d-504e-8f3f-060a0eea2f12" testName="Romulus.Tests.ClassificationIoMockingTests.CartridgeDetect_OpenReadThrowsIOException_ReturnsNull" computerName="ASUSTOWER" duration="00:00:00.0003445" startTime="2026-04-27T05:07:02.9135631+02:00" endTime="2026-04-27T05:07:02.9137378+02:00" testType="13cdc9d9-ddb5-4fa4-a97d-d965ccfc6d4b" outcome="Passed" testListId="8c84fa94-04c1-424b-9868-57a2d4851a1d" relativeResultsDirectory="826692b6-ba2e-4354-bdd7-c8bc4084de3e" />
    <UnitTestResult executionId="c33cda17-df91-457a-8781-ad10f78445ee" testId="3438ba36-cb2f-67f8-5999-4c654c45d2c6" testName="Romulus.Tests.ClassifierAndRuleEngineCoverageTests.IsNonRomExtension_NonRomWithoutDot_True(ext: &quot;json&quot;)" computerName="ASUSTOWER" duration="00:00:00.0001417" startTime="2026-04-27T05:07:00.0317138+02:00" endTime="2026-04-27T05:07:00.0317648+02:00" testType="13cdc9d9-ddb5-4fa4-a97d-d965ccfc6d4b" outcome="Passed" testListId="8c84fa94-04c1-424b-9868-57a2d4851a1d" relativeResultsDirectory="c33cda17-df91-457a-8781-ad10f78445ee" />
    <UnitTestResult executionId="c6aba788-74cb-40f0-bb26-6ba36f9cdc46" testId="5ec77333-1490-56ce-0b91-460558979e3a" testName="Romulus.Tests.ToolInvokerAdapterCoverageTests.Invoke_NullCapability_Throws" computerName="ASUSTOWER" duration="00:00:00.0018642" startTime="2026-04-27T05:07:02.5621133+02:00" endTime="2026-04-27T05:07:02.5639757+02:00" testType="13cdc9d9-ddb5-4fa4-a97d-d965ccfc6d4b" outcome="Passed" testListId="8c84fa94-04c1-424b-9868-57a2d4851a1d" relativeResultsDirectory="c6aba788-74cb-40f0-bb26-6ba36f9cdc46" />
    <UnitTestResult executionId="7a4524ff-d61d-495d-b09b-6080aeba2880" testId="e94d23bd-ab0f-ae4a-6634-099e9e5c2810" testName="Romulus.Tests.FamilyDatStrategyTests.ResolvePolicy_FolderSignature_DisablesNameOnlyFallback" computerName="ASUSTOWER" duration="00:00:00.0001234" startTime="2026-04-27T05:07:02.9698805+02:00" endTime="2026-04-27T05:07:02.9700281+02:00" testType="13cdc9d9-ddb5-4fa4-a97d-d965ccfc6d4b" outcome="Passed" testListId="8c84fa94-04c1-424b-9868-57a2d4851a1d" relativeResultsDirectory="7a4524ff-d61d-495d-b09b-6080aeba2880" />
    <UnitTestResult executionId="b33faec3-cf1e-4a22-a32b-b56fae124362" testId="c6ad04a0-dc2b-807b-92b1-fd0771ff995d" testName="Romulus.Tests.Conversion.ConversionRegistryLoaderTests.Constructor_UnexpectedConsoleProperty_Throws" computerName="ASUSTOWER" duration="00:00:00.0120465" startTime="2026-04-27T05:07:02.9932363+02:00" endTime="2026-04-27T05:07:03.0046759+02:00" testType="13cdc9d9-ddb5-4fa4-a97d-d965ccfc6d4b" outcome="Passed" testListId="8c84fa94-04c1-424b-9868-57a2d4851a1d" relativeResultsDirectory="b33faec3-cf1e-4a22-a32b-b56fae124362" />
    <UnitTestResult executionId="965b3dcc-78ed-4a4a-88bd-e703a3255e1c" testId="655e572a-2e4f-8f32-d341-3f0f0e39659f" testName="Romulus.Tests.ArtifactPathResolverTests.GetArtifactDirectory_Throws_WhenOnlyWhitespaceRootsGiven" computerName="ASUSTOWER" duration="00:00:00.0042134" startTime="2026-04-27T05:07:09.9449725+02:00" endTime="2026-04-27T05:07:09.9492380+02:00" testType="13cdc9d9-ddb5-4fa4-a97d-d965ccfc6d4b" outcome="Passed" testListId="8c84fa94-04c1-424b-9868-57a2d4851a1d" relativeResultsDirectory="965b3dcc-78ed-4a4a-88bd-e703a3255e1c" />
    <UnitTestResult executionId="f0048b76-ded9-414d-b0fc-253c5cf4e4d8" testId="56a33674-bb88-c503-4aa1-4804c8bc446a" testName="Romulus.Tests.ToolInvokerAdapterCoverageTests.CanHandle_EmptyToolName_ReturnsFalse" computerName="ASUSTOWER" duration="00:00:00.0020083" startTime="2026-04-27T05:07:02.5771304+02:00" endTime="2026-04-27T05:07:02.5790904+02:00" testType="13cdc9d9-ddb5-4fa4-a97d-d965ccfc6d4b" outcome="Passed" testListId="8c84fa94-04c1-424b-9868-57a2d4851a1d" relativeResultsDirectory="f0048b76-ded9-414d-b0fc-253c5cf4e4d8" />
    <UnitTestResult executionId="024d94cc-2aa7-4e00-99cf-ed8385bc96e3" testId="c53789f8-6b31-03a4-6f90-c79441aeb981" testName="Romulus.Tests.TddRedPhaseHardcoreTests.GameKey_EmptyString_MustReturnEmptyKeyMarker" computerName="ASUSTOWER" duration="00:00:00.0008604" startTime="2026-04-27T05:07:16.0404057+02:00" endTime="2026-04-27T05:07:16.0408814+02:00" testType="13cdc9d9-ddb5-4fa4-a97d-d965ccfc6d4b" outcome="Passed" testListId="8c84fa94-04c1-424b-9868-57a2d4851a1d" relativeResultsDirectory="024d94cc-2aa7-4e00-99cf-ed8385bc96e3" />
    <UnitTestResult executionId="7577a264-6fd7-4020-9e23-381f02682e43" testId="b2d19bec-1280-5cc4-9a9b-345fc4edc722" testName="Romulus.Tests.ClassifierAndRuleEngineCoverageTests.TestRule_MissingField_TreatsAsEmpty" computerName="ASUSTOWER" duration="00:00:00.0001765" startTime="2026-04-27T05:07:00.1062949+02:00" endTime="2026-04-27T05:07:00.1063579+02:00" testType="13cdc9d9-ddb5-4fa4-a97d-d965ccfc6d4b" outcome="Passed" testListId="8c84fa94-04c1-424b-9868-57a2d4851a1d" relativeResultsDirectory="7577a264-6fd7-4020-9e23-381f02682e43" />
    <UnitTestResult executionId="78345973-8972-4db7-922b-bac536652203" testId="4d04b0d8-854a-4e1b-85a7-99e312929702" testName="Romulus.Tests.ProfileValidatorAndPathCoverageTests.ValidateOptionalSafePath_UncPath_Error" computerName="ASUSTOWER" duration="00:00:00.0000705" startTime="2026-04-27T05:07:07.0244552+02:00" endTime="2026-04-27T05:07:07.0244976+02:00" testType="13cdc9d9-ddb5-4fa4-a97d-d965ccfc6d4b" outcome="Passed" testListId="8c84fa94-04c1-424b-9868-57a2d4851a1d" relativeResultsDirectory="78345973-8972-4db7-922b-bac536652203" />
    <UnitTestResult executionId="6d803977-b3c5-4b57-a80b-c45ca0a871c1" testId="a932c8a9-eb00-e15e-961e-25c17a90b5b5" testName="Romulus.Tests.SafetyValidatorCoverageTests.NormalizePath_ExtendedOrDevicePath_ReturnsNull(path: &quot;\\\\.\\COM1&quot;)" computerName="ASUSTOWER" duration="00:00:00.0012066" startTime="2026-04-27T05:07:07.1990854+02:00" endTime="2026-04-27T05:07:07.1992848+02:00" testType="13cdc9d9-ddb5-4fa4-a97d-d965ccfc6d4b" outcome="Passed" testListId="8c84fa94-04c1-424b-9868-57a2d4851a1d" relativeResultsDirectory="6d803977-b3c5-4b57-a80b-c45ca0a871c1" />
    <UnitTestResult executionId="76bbd737-62fd-40a8-a9b3-aa092b3b95db" testId="32b0376e-2b37-622f-f9ac-264fb2622ecf" testName="Romulus.Tests.AvaloniaPhaseDDialogRootSelectionTests.AddRootCommand_WithDuplicateFolder_DoesNotAppendDuplicate" computerName="ASUSTOWER" duration="00:00:00.0005185" startTime="2026-04-27T05:06:59.9635944+02:00" endTime="2026-04-27T05:06:59.9636756+02:00" testType="13cdc9d9-ddb5-4fa4-a97d-d965ccfc6d4b" outcome="Passed" testListId="8c84fa94-04c1-424b-9868-57a2d4851a1d" relativeResultsDirectory="76bbd737-62fd-40a8-a9b3-aa092b3b95db" />
    <UnitTestResult executionId="d9591fe3-7e02-4c1a-8f34-2782da17ad3c" testId="104f8e65-dfe6-7ddc-3154-b1ee62122567" testName="Romulus.Tests.ClassifierAndRuleEngineCoverageTests.Analyze_EmptyBasename_WithValidExtension_ReturnsEmptyBasename" computerName="ASUSTOWER" duration="00:00:00.0001892" startTime="2026-04-27T05:07:00.0310399+02:00" endTime="2026-04-27T05:07:00.0311019+02:00" testType="13cdc9d9-ddb5-4fa4-a97d-d965ccfc6d4b" outcome="Passed" testListId="8c84fa94-04c1-424b-9868-57a2d4851a1d" relativeResultsDirectory="d9591fe3-7e02-4c1a-8f34-2782da17ad3c" />
    <UnitTestResult executionId="bef1858f-25b0-4e44-9b24-eddb871b5206" testId="ed91e76f-e16b-d586-841c-a2eb91c1fa2f" testName="Romulus.Tests.JsonlLogWriterTests.Rotation_RotatesWhenExceedsMaxBytes" computerName="ASUSTOWER" duration="00:00:00.0058657" startTime="2026-04-27T05:07:06.6343228+02:00" endTime="2026-04-27T05:07:06.6396838+02:00" testType="13cdc9d9-ddb5-4fa4-a97d-d965ccfc6d4b" outcome="Passed" testListId="8c84fa94-04c1-424b-9868-57a2d4851a1d" relativeResultsDirectory="bef1858f-25b0-4e44-9b24-eddb871b5206" />
    <UnitTestResult executionId="0c2c67e5-1cf7-4f0a-be68-ddbfbb048068" testId="1c10c689-f3c9-9fce-5a78-5997d486796b" testName="Romulus.Tests.TddRedPhaseHardcoreTests.Classification_EmptyFilename_MustBeUnknown_NotGame" computerName="ASUSTOWER" duration="00:00:00.0008396" startTime="2026-04-27T05:07:15.8673548+02:00" endTime="2026-04-27T05:07:15.8679410+02:00" testType="13cdc9d9-ddb5-4fa4-a97d-d965ccfc6d4b" outcome="Passed" testListId="8c84fa94-04c1-424b-9868-57a2d4851a1d" relativeResultsDirectory="0c2c67e5-1cf7-4f0a-be68-ddbfbb048068" />
    <UnitTestResult executionId="2de7382c-f915-46a5-9f7b-e8bac184f7ba" testId="1f61b88a-b88b-4d7b-93bd-c02628dd8b62" testName="Romulus.Tests.IntegrityServiceCoverageBoostTests.ReadUInt24BigEndian_ZeroValue" computerName="ASUSTOWER" duration="00:00:00.0027470" startTime="2026-04-27T05:07:02.9032802+02:00" endTime="2026-04-27T05:07:02.9057195+02:00" testType="13cdc9d9-ddb5-4fa4-a97d-d965ccfc6d4b" outcome="Passed" testListId="8c84fa94-04c1-424b-9868-57a2d4851a1d" relativeResultsDirectory="2de7382c-f915-46a5-9f7b-e8bac184f7ba" />
    <UnitTestResult executionId="3238d9ab-35e4-4218-9243-32fe48b779e1" testId="26722436-e836-3996-5f78-9af08d4f2d3b" testName="Romulus.Tests.ClassifierAndRuleEngineCoverageTests.EvaluateBatch_LowerThreshold_WarnsEarlier" computerName="ASUSTOWER" duration="00:00:00.0076734" startTime="2026-04-27T05:06:59.9830211+02:00" endTime="2026-04-27T05:06:59.9866626+02:00" testType="13cdc9d9-ddb5-4fa4-a97d-d965ccfc6d4b" outcome="Passed" testListId="8c84fa94-04c1-424b-9868-57a2d4851a1d" relativeResultsDirectory="3238d9ab-35e4-4218-9243-32fe48b779e1" />
    <UnitTestResult executionId="c920f741-a1fd-4441-b320-cb55d26c814e" testId="87227b2b-e47e-8656-b310-a4c68c929faa" testName="Romulus.Tests.RunHistoryTrendServiceTests.FormatTrendReport_ManyEntries_ShowsLast10" computerName="ASUSTOWER" duration="00:00:00.0004493" startTime="2026-04-27T05:07:03.0711310+02:00" endTime="2026-04-27T05:07:03.0715104+02:00" testType="13cdc9d9-ddb5-4fa4-a97d-d965ccfc6d4b" outcome="Passed" testListId="8c84fa94-04c1-424b-9868-57a2d4851a1d" relativeResultsDirectory="c920f741-a1fd-4441-b320-cb55d26c814e" />
    <UnitTestResult executionId="69f0ecd6-d69d-4ce4-aecd-8fe2a9c1464b" testId="566af455-ab92-b4d0-88d2-c2cfdaa1f7c9" testName="Romulus.Tests.DecisionResolverTests.Resolve_MapsTierConflictAndConfidence(tier: Tier1_Structural, hasConflict: False, confidence: 85, expected: Review)" computerName="ASUSTOWER" duration="00:00:00.0003414" startTime="2026-04-27T05:07:13.7976570+02:00" endTime="2026-04-27T05:07:13.7978492+02:00" testType="13cdc9d9-ddb5-4fa4-a97d-d965ccfc6d4b" outcome="Passed" testListId="8c84fa94-04c1-424b-9868-57a2d4851a1d" relativeResultsDirectory="69f0ecd6-d69d-4ce4-aecd-8fe2a9c1464b" />
    <UnitTestResult executionId="70d69d0b-d6d0-4463-8f87-813cdf0cc181" testId="0d6750b0-9783-a741-e853-1d4228efc415" testName="Romulus.Tests.RunProjectionConsistencyTests.RunProjectionFactory_Produces_ConsistentCounts" computerName="ASUSTOWER" duration="00:00:00.0001449" startTime="2026-04-27T05:07:02.5079720+02:00" endTime="2026-04-27T05:07:02.5081492+02:00" testType="13cdc9d9-ddb5-4fa4-a97d-d965ccfc6d4b" outcome="Passed" testListId="8c84fa94-04c1-424b-9868-57a2d4851a1d" relativeResultsDirectory="70d69d0b-d6d0-4463-8f87-813cdf0cc181" />
    <UnitTestResult executionId="1f9bf802-0e8c-42d2-a143-05b1895fdfba" testId="2eb7ee34-207f-616a-f6f9-a0410e271c4e" testName="Romulus.Tests.DatAuditPipelinePhaseExpandedTests.Execute_SetsGameNameAndRomFileName_ForHaveCandidate" computerName="ASUSTOWER" duration="00:00:00.0003368" startTime="2026-04-27T05:06:59.9666882+02:00" endTime="2026-04-27T05:06:59.9667132+02:00" testType="13cdc9d9-ddb5-4fa4-a97d-d965ccfc6d4b" outcome="Passed" testListId="8c84fa94-04c1-424b-9868-57a2d4851a1d" relativeResultsDirectory="1f9bf802-0e8c-42d2-a143-05b1895fdfba" />
    <UnitTestResult executionId="7c0fc3d7-8039-44d1-8e1d-21941f86b174" testId="c2587d46-f338-a401-ed13-0eb10b0b44c1" testName="Romulus.Tests.IntegrityServiceCoverageBoostTests.CleanupOldBackups_NoneExpired_ReturnsZero" computerName="ASUSTOWER" duration="00:00:00.0068459" startTime="2026-04-27T05:07:02.6999902+02:00" endTime="2026-04-27T05:07:02.7053777+02:00" testType="13cdc9d9-ddb5-4fa4-a97d-d965ccfc6d4b" outcome="Passed" testListId="8c84fa94-04c1-424b-9868-57a2d4851a1d" relativeResultsDirectory="7c0fc3d7-8039-44d1-8e1d-21941f86b174" />
    <UnitTestResult executionId="b94de4a8-f3f1-43dc-b92f-b1db587f3f9e" testId="a5b19de2-1c0d-0b1d-d4e5-1e6e41af59a6" testName="Romulus.Tests.TddRedPhaseHardcoreTests.SelectWinner_AllUnknownRegion_MustStillSelectDeterministicWinner" computerName="ASUSTOWER" duration="00:00:00.0027703" startTime="2026-04-27T05:07:15.9213771+02:00" endTime="2026-04-27T05:07:15.9240794+02:00" testType="13cdc9d9-ddb5-4fa4-a97d-d965ccfc6d4b" outcome="Passed" testListId="8c84fa94-04c1-424b-9868-57a2d4851a1d" relativeResultsDirectory="b94de4a8-f3f1-43dc-b92f-b1db587f3f9e" />
    <UnitTestResult executionId="09629c45-d335-4687-9d21-0d0978072b11" testId="6edef15e-0d57-dccb-10d9-7804f10f69f3" testName="Romulus.Tests.RunEnvironmentBuilderTests.BridgeDatSourceAliases_NoCatalog_DoesNothing" computerName="ASUSTOWER" duration="00:00:00.0033897" startTime="2026-04-27T05:07:14.3483879+02:00" endTime="2026-04-27T05:07:14.3517907+02:00" testType="13cdc9d9-ddb5-4fa4-a97d-d965ccfc6d4b" outcome="Passed" testListId="8c84fa94-04c1-424b-9868-57a2d4851a1d" relativeResultsDirectory="09629c45-d335-4687-9d21-0d0978072b11" />
    <UnitTestResult executionId="37fc3841-93db-404c-a17d-21b671f45bfa" testId="36e1edac-96d7-d9ec-4097-9770a3f80c54" testName="Romulus.Tests.ProfileValidatorAndPathCoverageTests.ValidateSettings_NullThrows" computerName="ASUSTOWER" duration="00:00:00.0002132" startTime="2026-04-27T05:07:07.0010165+02:00" endTime="2026-04-27T05:07:07.0012051+02:00" testType="13cdc9d9-ddb5-4fa4-a97d-d965ccfc6d4b" outcome="Passed" testListId="8c84fa94-04c1-424b-9868-57a2d4851a1d" relativeResultsDirectory="37fc3841-93db-404c-a17d-21b671f45bfa" />
    <UnitTestResult executionId="6b0eb73f-8b91-46ac-91f5-890a5d62c48b" testId="2d9f416a-55b9-788f-b8f0-76aefe6b6f49" testName="Romulus.Tests.RunEnvironmentBuilderTests.BridgeDatSourceAliases_FallsBackToSecondDatSource" computerName="ASUSTOWER" duration="00:00:00.0054393" startTime="2026-04-27T05:07:15.2999267+02:00" endTime="2026-04-27T05:07:15.3053974+02:00" testType="13cdc9d9-ddb5-4fa4-a97d-d965ccfc6d4b" outcome="Passed" testListId="8c84fa94-04c1-424b-9868-57a2d4851a1d" relativeResultsDirectory="6b0eb73f-8b91-46ac-91f5-890a5d62c48b" />
    <UnitTestResult executionId="9ada2ea6-ffc6-425a-bdd4-22d0dc8dc435" testId="14a0e903-f988-33e1-320a-f81fc2a8a143" testName="Romulus.Tests.Conversion.ReachConversionTests.PlanForConsole_UsesCompoundNkitExtension_AndProducesMultiStepPlan" computerName="ASUSTOWER" duration="00:00:00.0184566" startTime="2026-04-27T05:07:06.6254534+02:00" endTime="2026-04-27T05:07:06.6286477+02:00" testType="13cdc9d9-ddb5-4fa4-a97d-d965ccfc6d4b" outcome="Passed" testListId="8c84fa94-04c1-424b-9868-57a2d4851a1d" relativeResultsDirectory="9ada2ea6-ffc6-425a-bdd4-22d0dc8dc435" />
    <UnitTestResult executionId="ddc56925-6801-4d32-b22a-82ff9515038d" testId="62d18dd3-e8b2-e26f-6ebe-29a5c443c182" testName="Romulus.Tests.ProfileValidatorAndPathCoverageTests.ValidateSettings_ValidConflictPolicy_NoError(policy: &quot;Skip&quot;)" computerName="ASUSTOWER" duration="00:00:00.0001038" startTime="2026-04-27T05:07:07.0081286+02:00" endTime="2026-04-27T05:07:07.0081741+02:00" testType="13cdc9d9-ddb5-4fa4-a97d-d965ccfc6d4b" outcome="Passed" testListId="8c84fa94-04c1-424b-9868-57a2d4851a1d" relativeResultsDirectory="ddc56925-6801-4d32-b22a-82ff9515038d" />
    <UnitTestResult executionId="e0a0045c-3d83-4e8f-b39d-352f31d923cd" testId="8059e472-8fd4-f2ce-ed31-3c15aecaf571" testName="Romulus.Tests.DatAuditClassifierRegressionTests.SevenZipArchive_SameStem_DifferentExtension_ReturnsHave" computerName="ASUSTOWER" duration="00:00:00.0000982" startTime="2026-04-27T05:07:06.6116202+02:00" endTime="2026-04-27T05:07:06.6121124+02:00" testType="13cdc9d9-ddb5-4fa4-a97d-d965ccfc6d4b" outcome="Passed" testListId="8c84fa94-04c1-424b-9868-57a2d4851a1d" relativeResultsDirectory="e0a0045c-3d83-4e8f-b39d-352f31d923cd" />
    <UnitTestResult executionId="4fe38fd7-318f-4776-828f-9ca9d9a1b0be" testId="5cfbc4e3-d232-f0af-a8ff-75fe5849452d" testName="Romulus.Tests.RunEnvironmentBuilderTests.BuildConsoleMap_ExactMatch_TakesPriorityOverPackMatch" computerName="ASUSTOWER" duration="00:00:00.0076195" startTime="2026-04-27T05:07:15.2697486+02:00" endTime="2026-04-27T05:07:15.2770930+02:00" testType="13cdc9d9-ddb5-4fa4-a97d-d965ccfc6d4b" outcome="Passed" testListId="8c84fa94-04c1-424b-9868-57a2d4851a1d" relativeResultsDirectory="4fe38fd7-318f-4776-828f-9ca9d9a1b0be" />
    <UnitTestResult executionId="b0cddaa2-3ee1-4a07-9933-f8460616c370" testId="fd3ac512-39f1-fa9c-d1e7-e32022e463bf" testName="Romulus.Tests.SecurityTests.Blocklist_PathTraversal_StillBlocked(path: &quot;D:\\roms\\..\\..\\_QUARANTINE\\game.zip&quot;)" computerName="ASUSTOWER" duration="00:00:00.0006061" startTime="2026-04-27T05:07:14.2774776+02:00" endTime="2026-04-27T05:07:14.2779898+02:00" testType="13cdc9d9-ddb5-4fa4-a97d-d965ccfc6d4b" outcome="Passed" testListId="8c84fa94-04c1-424b-9868-57a2d4851a1d" relativeResultsDirectory="b0cddaa2-3ee1-4a07-9933-f8460616c370" />
    <UnitTestResult executionId="3689eddf-ab09-4d2b-9c13-7ffe91182244" testId="628173c4-bdc4-c8f1-17bf-bc75663d274c" testName="Romulus.Tests.ProfileValidatorAndPathCoverageTests.ValidateSettings_ValidHashType_NoError(hashType: &quot;SHA1&quot;)" computerName="ASUSTOWER" duration="00:00:00.0001370" startTime="2026-04-27T05:07:07.0038785+02:00" endTime="2026-04-27T05:07:07.0039241+02:00" testType="13cdc9d9-ddb5-4fa4-a97d-d965ccfc6d4b" outcome="Passed" testListId="8c84fa94-04c1-424b-9868-57a2d4851a1d" relativeResultsDirectory="3689eddf-ab09-4d2b-9c13-7ffe91182244" />
    <UnitTestResult executionId="e53050af-e2e0-4175-9713-3c7e5b9a1390" testId="5189d14c-0098-8176-7fb5-9f3e2c730065" testName="Romulus.Tests.Conversion.ConversionRegistryLoaderTests.Constructor_DuplicateConsoleKey_Throws" computerName="ASUSTOWER" duration="00:00:00.0057187" startTime="2026-04-27T05:07:03.0211910+02:00" endTime="2026-04-27T05:07:03.0251455+02:00" testType="13cdc9d9-ddb5-4fa4-a97d-d965ccfc6d4b" outcome="Passed" testListId="8c84fa94-04c1-424b-9868-57a2d4851a1d" relativeResultsDirectory="e53050af-e2e0-4175-9713-3c7e5b9a1390" />
    <UnitTestResult executionId="a0b9988d-4208-414f-b84d-e4c928c9ca70" testId="b3b6cc7b-d91b-463a-0bad-faacbdbb49f0" testName="Romulus.Tests.DatAuditPipelinePhaseExpandedTests.Execute_WithHeaderlessHash_PrefersHeaderlessForClassification" computerName="ASUSTOWER" duration="00:00:00.0023547" startTime="2026-04-27T05:06:59.9665974+02:00" endTime="2026-04-27T05:06:59.9666241+02:00" testType="13cdc9d9-ddb5-4fa4-a97d-d965ccfc6d4b" outcome="Passed" testListId="8c84fa94-04c1-424b-9868-57a2d4851a1d" relativeResultsDirectory="a0b9988d-4208-414f-b84d-e4c928c9ca70" />
    <UnitTestResult executionId="6d2234ad-2a85-4274-9eb5-bad9a4810552" testId="254ea08f-b24e-42f0-f8aa-a7ce49c37387" testName="Romulus.Tests.CollectionAnalysisServiceIndexScopeTests.TryLoadScopedCandidatesFromCollectionIndexAsync_ReturnsCandidates_WhenScopeAndFingerprintMatch" computerName="ASUSTOWER" duration="00:00:00.0144654" startTime="2026-04-27T05:07:02.6241897+02:00" endTime="2026-04-27T05:07:02.6389188+02:00" testType="13cdc9d9-ddb5-4fa4-a97d-d965ccfc6d4b" outcome="Passed" testListId="8c84fa94-04c1-424b-9868-57a2d4851a1d" relativeResultsDirectory="6d2234ad-2a85-4274-9eb5-bad9a4810552" />
    <UnitTestResult executionId="faa4061b-f150-44a9-87aa-d125cb6c5f8b" testId="a2f1ae76-e6f3-4e11-9708-cda1212d4b08" testName="Romulus.Tests.ClassifierAndRuleEngineCoverageTests.EvaluateBatch_PartialMatch_NoWarningBelow100Pct" computerName="ASUSTOWER" duration="00:00:00.0002281" startTime="2026-04-27T05:07:00.1166003+02:00" endTime="2026-04-27T05:07:00.1166587+02:00" testType="13cdc9d9-ddb5-4fa4-a97d-d965ccfc6d4b" outcome="Passed" testListId="8c84fa94-04c1-424b-9868-57a2d4851a1d" relativeResultsDirectory="faa4061b-f150-44a9-87aa-d125cb6c5f8b" />
    <UnitTestResult executionId="0e8962c9-f4a6-4605-8f3a-f7194683722f" testId="4ad631ea-c5e3-22d3-c9ba-874d81936a37" testName="Romulus.Tests.ProfileValidatorAndPathCoverageTests.ValidateSettings_ValidConvertFormat_NoError(format: &quot;zip&quot;)" computerName="ASUSTOWER" duration="00:00:00.0000015" startTime="2026-04-27T05:07:06.9985166+02:00" endTime="2026-04-27T05:07:06.9987793+02:00" testType="13cdc9d9-ddb5-4fa4-a97d-d965ccfc6d4b" outcome="Passed" testListId="8c84fa94-04c1-424b-9868-57a2d4851a1d" relativeResultsDirectory="0e8962c9-f4a6-4605-8f3a-f7194683722f" />
    <UnitTestResult executionId="0c5f5174-e7b0-447f-9e4d-9f7d8a4266fe" testId="5ccab042-e477-fcaa-91ae-29614b356bcd" testName="Romulus.Tests.RunEnvironmentBuilderTests.BridgeDatSourceAliases_NoDatSources_SkipsConsole" computerName="ASUSTOWER" duration="00:00:00.0090227" startTime="2026-04-27T05:07:15.3125685+02:00" endTime="2026-04-27T05:07:15.3216943+02:00" testType="13cdc9d9-ddb5-4fa4-a97d-d965ccfc6d4b" outcome="Passed" testListId="8c84fa94-04c1-424b-9868-57a2d4851a1d" relativeResultsDirectory="0c5f5174-e7b0-447f-9e4d-9f7d8a4266fe" />
    <UnitTestResult executionId="17f66f80-aecc-412f-8a7d-e338ce19265d" testId="74182a88-148e-6872-9ce8-1aaa1c17a6a9" testName="Romulus.Tests.ClassifierAndRuleEngineCoverageTests.ValidateSyntax_WhitespaceConditionField_ReturnsError" computerName="ASUSTOWER" duration="00:00:00.0001021" startTime="2026-04-27T05:07:00.1167898+02:00" endTime="2026-04-27T05:07:00.1168359+02:00" testType="13cdc9d9-ddb5-4fa4-a97d-d965ccfc6d4b" outcome="Passed" testListId="8c84fa94-04c1-424b-9868-57a2d4851a1d" relativeResultsDirectory="17f66f80-aecc-412f-8a7d-e338ce19265d" />
    <UnitTestResult executionId="7904f30e-7c00-4564-b99b-9b0847159978" testId="d3709fc1-8ef6-abda-90f5-e5ee89d4a40b" testName="Romulus.Tests.FixedAndIntegrationTests.ErrorClassifier_CodePrefixRules(code: &quot;NET-TIMEOUT&quot;, expected: Transient)" computerName="ASUSTOWER" duration="00:00:00.0001419" startTime="2026-04-27T05:07:13.8074364+02:00" endTime="2026-04-27T05:07:13.8074932+02:00" testType="13cdc9d9-ddb5-4fa4-a97d-d965ccfc6d4b" outcome="Passed" testListId="8c84fa94-04c1-424b-9868-57a2d4851a1d" relativeResultsDirectory="7904f30e-7c00-4564-b99b-9b0847159978" />
    <UnitTestResult executionId="8f70750e-ad82-4d7a-b10e-40cbb1c03c0a" testId="0bd3825c-2f3f-c576-a51f-bb84827708ca" testName="Romulus.Tests.AuditCsvStoreTests.WriteMetadataSidecar_CreatesJsonFile" computerName="ASUSTOWER" duration="00:00:00.0315653" startTime="2026-04-27T05:07:02.0175704+02:00" endTime="2026-04-27T05:07:02.0491073+02:00" testType="13cdc9d9-ddb5-4fa4-a97d-d965ccfc6d4b" outcome="Passed" testListId="8c84fa94-04c1-424b-9868-57a2d4851a1d" relativeResultsDirectory="8f70750e-ad82-4d7a-b10e-40cbb1c03c0a" />
    <UnitTestResult executionId="332dea14-5aa7-45a9-88aa-d1b36cae87d0" testId="a1f17796-c15d-4a46-efab-1a76ad0aee80" testName="Romulus.Tests.ProfileValidatorAndPathCoverageTests.ValidateSettings_KeepUnknownFalseWithoutOnlyGames_Error" computerName="ASUSTOWER" duration="00:00:00.0001722" startTime="2026-04-27T05:07:07.0026198+02:00" endTime="2026-04-27T05:07:07.0026684+02:00" testType="13cdc9d9-ddb5-4fa4-a97d-d965ccfc6d4b" outcome="Passed" testListId="8c84fa94-04c1-424b-9868-57a2d4851a1d" relativeResultsDirectory="332dea14-5aa7-45a9-88aa-d1b36cae87d0" />
    <UnitTestResult executionId="c97338d9-f048-4e75-9de3-cf51e72e87e9" testId="ee13f1fa-615d-2746-627e-dd8d38e5520b" testName="Romulus.Tests.Block3_DiHygieneTests.R6_04_RunService_DiBypass_MustHaveJustificationComment" computerName="ASUSTOWER" duration="00:00:00.0048205" startTime="2026-04-27T05:07:02.9561410+02:00" endTime="2026-04-27T05:07:02.9610802+02:00" testType="13cdc9d9-ddb5-4fa4-a97d-d965ccfc6d4b" outcome="Passed" testListId="8c84fa94-04c1-424b-9868-57a2d4851a1d" relativeResultsDirectory="c97338d9-f048-4e75-9de3-cf51e72e87e9" />
    <UnitTestResult executionId="3bbd2a34-40ef-462b-8116-ed2ea8def73d" testId="dad944fd-ac85-a37c-d434-ecf054711a8c" testName="Romulus.Tests.DatIndexInsertSymmetryTests.Add_DifferentGameNames_WithDifferentHashes_NameIndexHasBoth" computerName="ASUSTOWER" duration="00:00:00.0011361" startTime="2026-04-27T05:07:02.4959861+02:00" endTime="2026-04-27T05:07:02.4963983+02:00" testType="13cdc9d9-ddb5-4fa4-a97d-d965ccfc6d4b" outcome="Passed" testListId="8c84fa94-04c1-424b-9868-57a2d4851a1d" relativeResultsDirectory="3bbd2a34-40ef-462b-8116-ed2ea8def73d" />
    <UnitTestResult executionId="38e56ed6-1255-4d24-8fe0-840256c57d1d" testId="85e03075-d126-7723-6eb3-78d36fec4bdf" testName="Romulus.Tests.ToolRunnerAdapterCoverageTests.InvokeProcess_ExecutableNotFound_ReturnsFailure" computerName="ASUSTOWER" duration="00:00:00.0007659" startTime="2026-04-27T05:07:14.0568390+02:00" endTime="2026-04-27T05:07:14.0574846+02:00" testType="13cdc9d9-ddb5-4fa4-a97d-d965ccfc6d4b" outcome="Passed" testListId="8c84fa94-04c1-424b-9868-57a2d4851a1d" relativeResultsDirectory="38e56ed6-1255-4d24-8fe0-840256c57d1d" />
    <UnitTestResult executionId="245b7205-7cb2-4557-9322-15e4dfda7208" testId="1bdbe456-1d9d-fd16-1fe5-ac3fadec455a" testName="Romulus.Tests.ClassifierAndRuleEngineCoverageTests.IsNonRomExtension_NonRomWithDot_True(ext: &quot;.pdf&quot;)" computerName="ASUSTOWER" duration="00:00:00.0049380" startTime="2026-04-27T05:06:59.9794147+02:00" endTime="2026-04-27T05:06:59.9794585+02:00" testType="13cdc9d9-ddb5-4fa4-a97d-d965ccfc6d4b" outcome="Passed" testListId="8c84fa94-04c1-424b-9868-57a2d4851a1d" relativeResultsDirectory="245b7205-7cb2-4557-9322-15e4dfda7208" />
    <UnitTestResult executionId="c4f6ac91-bf22-4f65-92c4-1c62f346a04f" testId="b524824d-0297-74a0-c824-ede8c406f907" testName="Romulus.Tests.SecurityTests.RegionDetector_AdversarialInput_ReturnsNonNullTag(input: &quot;Game (\t\r\n) (USA)&quot;)" computerName="ASUSTOWER" duration="00:00:00.0017323" startTime="2026-04-27T05:07:14.2830648+02:00" endTime="2026-04-27T05:07:14.2846211+02:00" testType="13cdc9d9-ddb5-4fa4-a97d-d965ccfc6d4b" outcome="Passed" testListId="8c84fa94-04c1-424b-9868-57a2d4851a1d" relativeResultsDirectory="c4f6ac91-bf22-4f65-92c4-1c62f346a04f" />
    <UnitTestResult executionId="feba9cd3-f031-4b6a-8aec-239543cb95e8" testId="413ac446-1e48-f431-a119-9f8f97a0fd99" testName="Romulus.Tests.DatIndexInsertSymmetryTests.Add_SameGameName_WithDifferentHashes_NameIndexKeepsFirstWins" computerName="ASUSTOWER" duration="00:00:00.0095045" startTime="2026-04-27T05:07:02.4969860+02:00" endTime="2026-04-27T05:07:02.5060610+02:00" testType="13cdc9d9-ddb5-4fa4-a97d-d965ccfc6d4b" outcome="Passed" testListId="8c84fa94-04c1-424b-9868-57a2d4851a1d" relativeResultsDirectory="feba9cd3-f031-4b6a-8aec-239543cb95e8" />
    <UnitTestResult executionId="fa55b2ce-623d-48d4-8c17-638d2f768c4c" testId="ecdba95d-61dc-68b6-54ad-22eaee5ee028" testName="Romulus.Tests.ToolInvokerAdapterCoverageTests.Invoke_ToolNotFound_ReturnsToolNotFound" computerName="ASUSTOWER" duration="00:00:00.0011791" startTime="2026-04-27T05:07:02.6203867+02:00" endTime="2026-04-27T05:07:02.6212940+02:00" testType="13cdc9d9-ddb5-4fa4-a97d-d965ccfc6d4b" outcome="Passed" testListId="8c84fa94-04c1-424b-9868-57a2d4851a1d" relativeResultsDirectory="fa55b2ce-623d-48d4-8c17-638d2f768c4c" />
    <UnitTestResult executionId="1cb5a4c0-04f3-4368-a109-81c57993b250" testId="5d3758b7-eefc-3dda-7e7f-d719a910c8c1" testName="Romulus.Tests.ProfileValidatorAndPathCoverageTests.ValidateOptionalSafePath_Empty_NoError" computerName="ASUSTOWER" duration="00:00:00.0000903" startTime="2026-04-27T05:07:07.0001233+02:00" endTime="2026-04-27T05:07:07.0004178+02:00" testType="13cdc9d9-ddb5-4fa4-a97d-d965ccfc6d4b" outcome="Passed" testListId="8c84fa94-04c1-424b-9868-57a2d4851a1d" relativeResultsDirectory="1cb5a4c0-04f3-4368-a109-81c57993b250" />
    <UnitTestResult executionId="7ab5ea64-f2b6-4815-ab66-98814cbe1e1f" testId="1eee5bcb-e04f-9be5-3fa6-cd0cc08c9001" testName="Romulus.Tests.Block3_DiHygieneTests.R6_10_RegionOrdered_ScanEntry_MustExist_WithScandinaviaPattern" computerName="ASUSTOWER" duration="00:00:00.0015095" startTime="2026-04-27T05:07:02.9623354+02:00" endTime="2026-04-27T05:07:02.9634589+02:00" testType="13cdc9d9-ddb5-4fa4-a97d-d965ccfc6d4b" outcome="Passed" testListId="8c84fa94-04c1-424b-9868-57a2d4851a1d" relativeResultsDirectory="7ab5ea64-f2b6-4815-ab66-98814cbe1e1f" />
    <UnitTestResult executionId="5706eb3c-67d6-4346-ace8-f203b65ed9b5" testId="05f32dde-65e5-b8df-5d66-f986fcad16b8" testName="Romulus.Tests.RunEnvironmentBuilderTests.BuildConsoleMap_PackMatch_NoMatchReturnsEmpty" computerName="ASUSTOWER" duration="00:00:00.0064241" startTime="2026-04-27T05:07:15.2632905+02:00" endTime="2026-04-27T05:07:15.2695057+02:00" testType="13cdc9d9-ddb5-4fa4-a97d-d965ccfc6d4b" outcome="Passed" testListId="8c84fa94-04c1-424b-9868-57a2d4851a1d" relativeResultsDirectory="5706eb3c-67d6-4346-ace8-f203b65ed9b5" />
    <UnitTestResult executionId="11b7b486-1d59-412f-b5c1-bf3b22f2f47e" testId="433b9aec-5625-725a-cc37-bb301439ea53" testName="Romulus.Tests.FixedAndIntegrationTests.RegionDetection_FeedsScoring_CorrectOrder" computerName="ASUSTOWER" duration="00:00:00.0017495" startTime="2026-04-27T05:07:13.9456643+02:00" endTime="2026-04-27T05:07:13.9472589+02:00" testType="13cdc9d9-ddb5-4fa4-a97d-d965ccfc6d4b" outcome="Passed" testListId="8c84fa94-04c1-424b-9868-57a2d4851a1d" relativeResultsDirectory="11b7b486-1d59-412f-b5c1-bf3b22f2f47e" />
    <UnitTestResult executionId="0081709d-9bb5-4a03-9059-0038225a8927" testId="e1b0810a-8f44-4909-4bc0-33c582c82aaa" testName="Romulus.Tests.AvaloniaPhaseFRootImportWorkflowTests.ImportRootsCommand_WhenPickerCancelled_DoesNotMutateRoots" computerName="ASUSTOWER" duration="00:00:00.0055725" startTime="2026-04-27T05:07:14.2276223+02:00" endTime="2026-04-27T05:07:14.2332469+02:00" testType="13cdc9d9-ddb5-4fa4-a97d-d965ccfc6d4b" outcome="Passed" testListId="8c84fa94-04c1-424b-9868-57a2d4851a1d" relativeResultsDirectory="0081709d-9bb5-4a03-9059-0038225a8927" />
    <UnitTestResult executionId="5119571c-e7bf-4f94-b7f8-ef6fb3bcb851" testId="d4c648f5-d982-7301-7c7d-b4c09d82bae0" testName="Romulus.Tests.FixedAndIntegrationTests.GameKeyNormalization_FeedsDedup_CorrectGrouping" computerName="ASUSTOWER" duration="00:00:00.0003265" startTime="2026-04-27T05:07:13.9578589+02:00" endTime="2026-04-27T05:07:13.9579168+02:00" testType="13cdc9d9-ddb5-4fa4-a97d-d965ccfc6d4b" outcome="Passed" testListId="8c84fa94-04c1-424b-9868-57a2d4851a1d" relativeResultsDirectory="5119571c-e7bf-4f94-b7f8-ef6fb3bcb851" />
    <UnitTestResult executionId="e3149ad2-ebd1-4d46-8e3d-977cbf0c7fb6" testId="3c8adb91-4676-1bb0-d13c-bd0058918d01" testName="Romulus.Tests.GameKeyNormalizerTests.PS3PreReleaseTags_Stripped(input: &quot;Game (USA) (Promo)&quot;)" computerName="ASUSTOWER" duration="00:00:00.0000202" startTime="2026-04-27T05:07:16.3178594+02:00" endTime="2026-04-27T05:07:16.3179198+02:00" testType="13cdc9d9-ddb5-4fa4-a97d-d965ccfc6d4b" outcome="Passed" testListId="8c84fa94-04c1-424b-9868-57a2d4851a1d" relativeResultsDirectory="e3149ad2-ebd1-4d46-8e3d-977cbf0c7fb6" />
    <UnitTestResult executionId="bdfe9475-ed0d-474a-8112-edbbd249a319" testId="64d40cef-7c78-f56a-4cd9-ee19fa790777" testName="Romulus.Tests.IntegrityServiceCoverageBoostTests.FindCommonRoot_SingleFile_ReturnsParent" computerName="ASUSTOWER" duration="00:00:00.0070156" startTime="2026-04-27T05:07:02.6553767+02:00" endTime="2026-04-27T05:07:02.6625653+02:00" testType="13cdc9d9-ddb5-4fa4-a97d-d965ccfc6d4b" outcome="Passed" testListId="8c84fa94-04c1-424b-9868-57a2d4851a1d" relativeResultsDirectory="bdfe9475-ed0d-474a-8112-edbbd249a319" />
    <UnitTestResult executionId="ebd4c5d0-7521-4a5b-9c4e-7260c87c4ef7" testId="4490fd59-c8a2-6d42-476d-fb55c9742639" testName="Romulus.Tests.RunEnvironmentBuilderTests.LoadSettings_WithoutDefaultsFile_ReturnsFallbackSettings" computerName="ASUSTOWER" duration="00:00:00.0069605" startTime="2026-04-27T05:07:14.9165747+02:00" endTime="2026-04-27T05:07:14.9234393+02:00" testType="13cdc9d9-ddb5-4fa4-a97d-d965ccfc6d4b" outcome="Passed" testListId="8c84fa94-04c1-424b-9868-57a2d4851a1d" relativeResultsDirectory="ebd4c5d0-7521-4a5b-9c4e-7260c87c4ef7" />
    <UnitTestResult executionId="d645a3ea-2ce5-4482-bc97-a04b14350c10" testId="8018c050-c3a5-6f34-59b0-69dc0b48c2b8" testName="Romulus.Tests.AuditFindingsFixTests.RateLimiter_WindowReset_AllowsNewRequests" computerName="ASUSTOWER" duration="00:00:00.0019129" startTime="2026-04-27T05:07:01.4141552+02:00" endTime="2026-04-27T05:07:01.4159743+02:00" testType="13cdc9d9-ddb5-4fa4-a97d-d965ccfc6d4b" outcome="Passed" testListId="8c84fa94-04c1-424b-9868-57a2d4851a1d" relativeResultsDirectory="d645a3ea-2ce5-4482-bc97-a04b14350c10" />
    <UnitTestResult executionId="c8f5f285-026b-4c22-8e59-b022183d4faa" testId="790b36cd-5ad4-8bdd-563b-aa8358bd86a2" testName="Romulus.Tests.Phase6CoreIoAndI18nRedTests.WpfFeatureFiles_MustNotContainTrackedGermanLiterals(relativePath: &quot;src/Romulus.UI.Wpf/Services/FeatureCommandService.&quot;···)" computerName="ASUSTOWER" duration="00:00:00.0005464" startTime="2026-04-27T05:07:13.7769989+02:00" endTime="2026-04-27T05:07:13.7773749+02:00" testType="13cdc9d9-ddb5-4fa4-a97d-d965ccfc6d4b" outcome="Passed" testListId="8c84fa94-04c1-424b-9868-57a2d4851a1d" relativeResultsDirectory="c8f5f285-026b-4c22-8e59-b022183d4faa" />
    <UnitTestResult executionId="5631f37d-e69a-42d7-bf08-eb9e1e66af2b" testId="3f177aba-ea06-c432-e8b0-a3162d0b1971" testName="Romulus.Tests.ToolInvokerAdapterCoverageTests.Verify_NullCapability_Throws" computerName="ASUSTOWER" duration="00:00:00.0015671" startTime="2026-04-27T05:07:02.6005056+02:00" endTime="2026-04-27T05:07:02.6019492+02:00" testType="13cdc9d9-ddb5-4fa4-a97d-d965ccfc6d4b" outcome="Passed" testListId="8c84fa94-04c1-424b-9868-57a2d4851a1d" relativeResultsDirectory="5631f37d-e69a-42d7-bf08-eb9e1e66af2b" />
    <UnitTestResult executionId="91f6f6ca-c6ff-4b62-b68a-a14bd12086f3" testId="341ea294-2746-3436-e1af-8c750d587256" testName="Romulus.Tests.ProfileValidatorAndPathCoverageTests.ValidateSettings_EmptyRegion_Error" computerName="ASUSTOWER" duration="00:00:00.0008716" startTime="2026-04-27T05:07:07.0016545+02:00" endTime="2026-04-27T05:07:07.0018516+02:00" testType="13cdc9d9-ddb5-4fa4-a97d-d965ccfc6d4b" outcome="Passed" testListId="8c84fa94-04c1-424b-9868-57a2d4851a1d" relativeResultsDirectory="91f6f6ca-c6ff-4b62-b68a-a14bd12086f3" />
    <UnitTestResult executionId="f2ba7954-e6d6-4af5-bd96-cd82f45f5af8" testId="a7d94088-6a04-b964-f3f4-b9055b736f71" testName="Romulus.Tests.ResolveUnknownDatMatchTests.ResolveUnknownDatMatch_MultipleMatches_NoDetection_ReturnsNoMatch" computerName="ASUSTOWER" duration="00:00:00.0001329" startTime="2026-04-27T05:07:17.2095033+02:00" endTime="2026-04-27T05:07:17.2095699+02:00" testType="13cdc9d9-ddb5-4fa4-a97d-d965ccfc6d4b" outcome="Passed" testListId="8c84fa94-04c1-424b-9868-57a2d4851a1d" relativeResultsDirectory="f2ba7954-e6d6-4af5-bd96-cd82f45f5af8" />
    <UnitTestResult executionId="d386b7d1-b57a-44b7-bd9c-f1272ef561f7" testId="f282e8a4-58a0-7083-d24d-39376fcba390" testName="Romulus.Tests.GameKeyNormalizerTests.PS3ExtendedLanguages_Stripped(input: &quot;Game (Europe) (En,Ja,Fr,De,Es,It,Zh,Pl,Ru,Cs,Hu)&quot;)" computerName="ASUSTOWER" duration="00:00:00.0001819" startTime="2026-04-27T05:07:16.3249385+02:00" endTime="2026-04-27T05:07:16.3250071+02:00" testType="13cdc9d9-ddb5-4fa4-a97d-d965ccfc6d4b" outcome="Passed" testListId="8c84fa94-04c1-424b-9868-57a2d4851a1d" relativeResultsDirectory="d386b7d1-b57a-44b7-bd9c-f1272ef561f7" />
    <UnitTestResult executionId="a7476143-eafe-486f-84f7-1da570219f7c" testId="289af1c4-7b79-78cc-6c93-34bea5019eef" testName="Romulus.Tests.TddRedPhaseHardcoreTests.Enrichment_Cancel_MustThrowOperationCanceled" computerName="ASUSTOWER" duration="00:00:00.0807848" startTime="2026-04-27T05:07:16.0943487+02:00" endTime="2026-04-27T05:07:16.1750719+02:00" testType="13cdc9d9-ddb5-4fa4-a97d-d965ccfc6d4b" outcome="Passed" testListId="8c84fa94-04c1-424b-9868-57a2d4851a1d" relativeResultsDirectory="a7476143-eafe-486f-84f7-1da570219f7c" />
    <UnitTestResult executionId="c47dbb07-2ed7-4d27-839d-6c5fce205f33" testId="8fe9c6a5-2ad1-7a98-a839-b2f08613fe67" testName="Romulus.Tests.AvaloniaPhaseDDialogRootSelectionTests.AddRootCommand_WithSelectedFolder_AddsUniqueRootAndSelectsIt" computerName="ASUSTOWER" duration="00:00:00.0109942" startTime="2026-04-27T05:06:59.9412536+02:00" endTime="2026-04-27T05:06:59.9454002+02:00" testType="13cdc9d9-ddb5-4fa4-a97d-d965ccfc6d4b" outcome="Passed" testListId="8c84fa94-04c1-424b-9868-57a2d4851a1d" relativeResultsDirectory="c47dbb07-2ed7-4d27-839d-6c5fce205f33" />
    <UnitTestResult executionId="49a53ded-9aed-461c-bae8-51a8f84f88ba" testId="51cb9835-bb8b-c800-0c16-fb4aae1a2a5a" testName="Romulus.Tests.Block4_RobustnessTests.R6_07_ArchiveHashService_Cache_MustInvalidate_WhenZipFileIsModified" computerName="ASUSTOWER" duration="00:00:00.0235550" startTime="2026-04-27T05:07:15.7412493+02:00" endTime="2026-04-27T05:07:15.7647656+02:00" testType="13cdc9d9-ddb5-4fa4-a97d-d965ccfc6d4b" outcome="Passed" testListId="8c84fa94-04c1-424b-9868-57a2d4851a1d" relativeResultsDirectory="49a53ded-9aed-461c-bae8-51a8f84f88ba" />
    <UnitTestResult executionId="c05618f0-e25f-44f5-aa63-039a2ad3b357" testId="f2d50544-d81d-a931-7c94-6b5deb84d60f" testName="Romulus.Tests.EnrichmentPipelinePhaseCoverageBoostTests2.Execute_FiveOrMore_TriggersParallelPath" computerName="ASUSTOWER" duration="00:00:00.0210174" startTime="2026-04-27T05:07:16.2335610+02:00" endTime="2026-04-27T05:07:16.2545199+02:00" testType="13cdc9d9-ddb5-4fa4-a97d-d965ccfc6d4b" outcome="Passed" testListId="8c84fa94-04c1-424b-9868-57a2d4851a1d" relativeResultsDirectory="c05618f0-e25f-44f5-aa63-039a2ad3b357" />
    <UnitTestResult executionId="b2d9c62e-35c3-40e1-adfe-5b761995c513" testId="d367f813-1ab8-efa9-6e83-80d87c020780" testName="Romulus.Tests.ToolRunnerAdapterCoverageTests.FindTool_NullOrWhitespace_ReturnsNull(toolName: null)" computerName="ASUSTOWER" duration="00:00:00.0016734" startTime="2026-04-27T05:07:14.0956670+02:00" endTime="2026-04-27T05:07:14.0972582+02:00" testType="13cdc9d9-ddb5-4fa4-a97d-d965ccfc6d4b" outcome="Passed" testListId="8c84fa94-04c1-424b-9868-57a2d4851a1d" relativeResultsDirectory="b2d9c62e-35c3-40e1-adfe-5b761995c513" />
    <UnitTestResult executionId="ed08d1a3-35ae-4283-9ccc-af1821bc48f1" testId="80d65dee-1637-35b0-e8a9-31dadfa298e4" testName="Romulus.Tests.ProfileValidatorAndPathCoverageTests.ValidateSettings_ValidConvertFormat_NoError(format: &quot;auto&quot;)" computerName="ASUSTOWER" duration="00:00:00.0002063" startTime="2026-04-27T05:07:06.9925109+02:00" endTime="2026-04-27T05:07:06.9927584+02:00" testType="13cdc9d9-ddb5-4fa4-a97d-d965ccfc6d4b" outcome="Passed" testListId="8c84fa94-04c1-424b-9868-57a2d4851a1d" relativeResultsDirectory="ed08d1a3-35ae-4283-9ccc-af1821bc48f1" />
    <UnitTestResult executionId="3f17acdd-4245-4a36-98b0-651aa2e75d73" testId="79447500-6713-ca8c-6e1c-6daa36e07535" testName="Romulus.Tests.ToolInvokerAdapterCoverageTests.Invoke_DolphinTool_UsesConfiguredCompressionParameters" computerName="ASUSTOWER" duration="00:00:00.0101344" startTime="2026-04-27T05:07:02.5507902+02:00" endTime="2026-04-27T05:07:02.5600715+02:00" testType="13cdc9d9-ddb5-4fa4-a97d-d965ccfc6d4b" outcome="Passed" testListId="8c84fa94-04c1-424b-9868-57a2d4851a1d" relativeResultsDirectory="3f17acdd-4245-4a36-98b0-651aa2e75d73" />
    <UnitTestResult executionId="da211068-213e-4c89-b16a-facc7293424e" testId="6a5a2b2b-2147-31a8-1c00-fb4ea9212264" testName="Romulus.Tests.ToolRunnerAdapterCoverageTests.InvokeProcess_PlaceholderHash_Blocked" computerName="ASUSTOWER" duration="00:00:00.0099010" startTime="2026-04-27T05:07:14.2173797+02:00" endTime="2026-04-27T05:07:14.2273320+02:00" testType="13cdc9d9-ddb5-4fa4-a97d-d965ccfc6d4b" outcome="Passed" testListId="8c84fa94-04c1-424b-9868-57a2d4851a1d" relativeResultsDirectory="da211068-213e-4c89-b16a-facc7293424e" />
    <UnitTestResult executionId="bd914285-bdac-49c0-9ce3-98fc89b3b2eb" testId="ee504988-203f-35c8-0411-6445c7541576" testName="Romulus.Tests.SafetyValidatorCoverageTests.TestTools_WithOverride_UsesOverridePath" computerName="ASUSTOWER" duration="00:00:00.0043450" startTime="2026-04-27T05:07:09.8977710+02:00" endTime="2026-04-27T05:07:09.9018184+02:00" testType="13cdc9d9-ddb5-4fa4-a97d-d965ccfc6d4b" outcome="Passed" testListId="8c84fa94-04c1-424b-9868-57a2d4851a1d" relativeResultsDirectory="bd914285-bdac-49c0-9ce3-98fc89b3b2eb" />
    <UnitTestResult executionId="49a7e602-b413-4a5d-89de-2b49fd6ff25e" testId="f7bc15b2-eade-b021-5311-ced0620a6c8c" testName="Romulus.Tests.ProfileValidatorAndPathCoverageTests.ValidateDocument_InvalidVersion_ReportsError" computerName="ASUSTOWER" duration="00:00:00.0001454" startTime="2026-04-27T05:07:07.0262931+02:00" endTime="2026-04-27T05:07:07.0263379+02:00" testType="13cdc9d9-ddb5-4fa4-a97d-d965ccfc6d4b" outcome="Passed" testListId="8c84fa94-04c1-424b-9868-57a2d4851a1d" relativeResultsDirectory="49a7e602-b413-4a5d-89de-2b49fd6ff25e" />
    <UnitTestResult executionId="fca5edca-aa24-4bee-a2a4-5201b2a9fb5b" testId="5b280df9-799d-d1ce-58ca-53cf16c7346f" testName="Romulus.Tests.ClassifierAndRuleEngineCoverageTests.Analyze_GenericRawBinaryNames_Blocked(baseName: &quot;unknown&quot;)" computerName="ASUSTOWER" duration="00:00:00.0000026" startTime="2026-04-27T05:06:59.9980482+02:00" endTime="2026-04-27T05:06:59.9980757+02:00" testType="13cdc9d9-ddb5-4fa4-a97d-d965ccfc6d4b" outcome="Passed" testListId="8c84fa94-04c1-424b-9868-57a2d4851a1d" relativeResultsDirectory="fca5edca-aa24-4bee-a2a4-5201b2a9fb5b" />
    <UnitTestResult executionId="a982f46e-8754-4bd6-af2f-d2e1b7f63c69" testId="3da91f5d-5df3-aa8c-f900-abbd8e54dc46" testName="Romulus.Tests.CliRedPhaseTests.DryRun_SameInputTwice_ProducesIdenticalJsonExceptDuration_Issue9" computerName="ASUSTOWER" duration="00:00:00.6608589" startTime="2026-04-27T05:07:05.5600761+02:00" endTime="2026-04-27T05:07:06.2206766+02:00" testType="13cdc9d9-ddb5-4fa4-a97d-d965ccfc6d4b" outcome="Passed" testListId="8c84fa94-04c1-424b-9868-57a2d4851a1d" relativeResultsDirectory="a982f46e-8754-4bd6-af2f-d2e1b7f63c69" />
    <UnitTestResult executionId="57f8fcbc-60c6-4698-8c25-cc1e5becdff4" testId="b724766a-86aa-a3b4-58e9-071dbfe8d3a8" testName="Romulus.Tests.RunEnvironmentBuilderTests.Build_WhenConvertFormatConfigured_CreatesConverter" computerName="ASUSTOWER" duration="00:00:00.2858096" startTime="2026-04-27T05:07:15.3581672+02:00" endTime="2026-04-27T05:07:15.6440408+02:00" testType="13cdc9d9-ddb5-4fa4-a97d-d965ccfc6d4b" outcome="Passed" testListId="8c84fa94-04c1-424b-9868-57a2d4851a1d" relativeResultsDirectory="57f8fcbc-60c6-4698-8c25-cc1e5becdff4" />
    <UnitTestResult executionId="d72d62fa-59c6-4948-b3ee-ba5e5839d58a" testId="ec2ce621-93b0-c632-1b6d-e409aa787ad2" testName="Romulus.Tests.SafetyValidatorCoverageTests.EnsureSafeOutputPath_EmptyPath_Throws" computerName="ASUSTOWER" duration="00:00:00.0020255" startTime="2026-04-27T05:07:09.9251165+02:00" endTime="2026-04-27T05:07:09.9269854+02:00" testType="13cdc9d9-ddb5-4fa4-a97d-d965ccfc6d4b" outcome="Passed" testListId="8c84fa94-04c1-424b-9868-57a2d4851a1d" relativeResultsDirectory="d72d62fa-59c6-4948-b3ee-ba5e5839d58a" />
    <UnitTestResult executionId="21283bfd-8a11-405b-b6aa-3778101ce729" testId="e988212e-f9b5-193d-df06-0ec5de1524c0" testName="Romulus.Tests.SecurityTests.RegionDetector_AdversarialInput_ReturnsNonNullTag(input: &quot;Game (\0\0\0)&quot;)" computerName="ASUSTOWER" duration="00:00:00.0018813" startTime="2026-04-27T05:07:14.2846722+02:00" endTime="2026-04-27T05:07:14.2866288+02:00" testType="13cdc9d9-ddb5-4fa4-a97d-d965ccfc6d4b" outcome="Passed" testListId="8c84fa94-04c1-424b-9868-57a2d4851a1d" relativeResultsDirectory="21283bfd-8a11-405b-b6aa-3778101ce729" />
    <UnitTestResult executionId="7f42eb86-9a48-4db3-b0f8-29e859f6e02f" testId="774fee42-8245-1828-65e8-39d4d4cfb835" testName="Romulus.Tests.FixedAndIntegrationTests.Normalize_IsIdempotent_StrongAssertion(input: &quot;Some Rom (USA) (v1.2)&quot;)" computerName="ASUSTOWER" duration="00:00:00.0005103" startTime="2026-04-27T05:07:13.9450635+02:00" endTime="2026-04-27T05:07:13.9454741+02:00" testType="13cdc9d9-ddb5-4fa4-a97d-d965ccfc6d4b" outcome="Passed" testListId="8c84fa94-04c1-424b-9868-57a2d4851a1d" relativeResultsDirectory="7f42eb86-9a48-4db3-b0f8-29e859f6e02f" />
    <UnitTestResult executionId="11fe1e80-6b6e-404e-9ca7-e1e1971ab78c" testId="ea9a4ed6-95fc-d5e6-6b8a-1821df99dca2" testName="Romulus.Tests.DatAuditClassifierRegressionTests.UnknownConsoleKey_HashMatchesOnlySentinelConsole_ReturnsUnknown" computerName="ASUSTOWER" duration="00:00:00.0000948" startTime="2026-04-27T05:07:06.6241241+02:00" endTime="2026-04-27T05:07:06.6241806+02:00" testType="13cdc9d9-ddb5-4fa4-a97d-d965ccfc6d4b" outcome="Passed" testListId="8c84fa94-04c1-424b-9868-57a2d4851a1d" relativeResultsDirectory="11fe1e80-6b6e-404e-9ca7-e1e1971ab78c" />
    <UnitTestResult executionId="c35babb0-d7f3-4b1e-909b-ca57bd90a3ae" testId="7f107d94-7b7c-6800-eea4-ce3c2e60ad4c" testName="Romulus.Tests.ClassifierAndRuleEngineCoverageTests.TestRule_MissingField_ContainsNonEmpty_NoMatch" computerName="ASUSTOWER" duration="00:00:00.0002280" startTime="2026-04-27T05:07:00.1128971+02:00" endTime="2026-04-27T05:07:00.1129527+02:00" testType="13cdc9d9-ddb5-4fa4-a97d-d965ccfc6d4b" outcome="Passed" testListId="8c84fa94-04c1-424b-9868-57a2d4851a1d" relativeResultsDirectory="c35babb0-d7f3-4b1e-909b-ca57bd90a3ae" />
    <UnitTestResult executionId="24e785ce-61ac-45c9-87b3-2e6e847bd993" testId="9485b550-7d59-8fe7-0d94-c673e51d206e" testName="Romulus.Tests.SafetyValidatorCoverageTests.GetProfile_Expert_LessRestrictive" computerName="ASUSTOWER" duration="00:00:00.0028305" startTime="2026-04-27T05:07:09.9114155+02:00" endTime="2026-04-27T05:07:09.9141191+02:00" testType="13cdc9d9-ddb5-4fa4-a97d-d965ccfc6d4b" outcome="Passed" testListId="8c84fa94-04c1-424b-9868-57a2d4851a1d" relativeResultsDirectory="24e785ce-61ac-45c9-87b3-2e6e847bd993" />
    <UnitTestResult executionId="ff22c078-de83-46bb-b6a0-b5ad4014e921" testId="75b3e10b-a3a3-ebdf-8006-27de1cd8dd06" testName="Romulus.Tests.GameKeyNormalizerTests.PS3PreReleaseTags_Stripped(input: &quot;Game (Japan) (Rehearsal-ban)&quot;)" computerName="ASUSTOWER" duration="00:00:00.0003124" startTime="2026-04-27T05:07:16.3163426+02:00" endTime="2026-04-27T05:07:16.3165579+02:00" testType="13cdc9d9-ddb5-4fa4-a97d-d965ccfc6d4b" outcome="Passed" testListId="8c84fa94-04c1-424b-9868-57a2d4851a1d" relativeResultsDirectory="ff22c078-de83-46bb-b6a0-b5ad4014e921" />
    <UnitTestResult executionId="c4a847ad-26fb-4191-bec9-a5a9f935ac3f" testId="24f92d7c-40e7-a46b-3453-f92c9f5312de" testName="Romulus.Tests.RunEnvironmentBuilderTests.BuildConsoleMap_UsesCatalogEntries_WhenMappedDatExists" computerName="ASUSTOWER" duration="00:00:00.0044893" startTime="2026-04-27T05:07:14.9320252+02:00" endTime="2026-04-27T05:07:14.9355607+02:00" testType="13cdc9d9-ddb5-4fa4-a97d-d965ccfc6d4b" outcome="Passed" testListId="8c84fa94-04c1-424b-9868-57a2d4851a1d" relativeResultsDirectory="c4a847ad-26fb-4191-bec9-a5a9f935ac3f" />
    <UnitTestResult executionId="7850f989-59fd-47bf-8191-dcec90f15851" testId="206b5260-52ac-facc-0681-ca93c4b659c6" testName="Romulus.Tests.FixedAndIntegrationTests.ErrorClassifier_SecurityException_Critical" computerName="ASUSTOWER" duration="00:00:00.0000956" startTime="2026-04-27T05:07:13.9569127+02:00" endTime="2026-04-27T05:07:13.9569693+02:00" testType="13cdc9d9-ddb5-4fa4-a97d-d965ccfc6d4b" outcome="Passed" testListId="8c84fa94-04c1-424b-9868-57a2d4851a1d" relativeResultsDirectory="7850f989-59fd-47bf-8191-dcec90f15851" />
    <UnitTestResult executionId="bcdbbe65-3ad0-494f-90c3-a3fb4b9eed56" testId="1a4a7c00-82bf-1681-eb6c-5f381b668f9e" testName="Romulus.Tests.RunHistoryTrendServiceTests.FormatTrendReport_SingleEntry_ShowsCurrentOnly" computerName="ASUSTOWER" duration="00:00:00.0020183" startTime="2026-04-27T05:07:03.0631129+02:00" endTime="2026-04-27T05:07:03.0649576+02:00" testType="13cdc9d9-ddb5-4fa4-a97d-d965ccfc6d4b" outcome="Passed" testListId="8c84fa94-04c1-424b-9868-57a2d4851a1d" relativeResultsDirectory="bcdbbe65-3ad0-494f-90c3-a3fb4b9eed56" />
    <UnitTestResult executionId="5374f0e1-204b-4131-8dc1-1586aea9ab84" testId="8a5ee8f8-70f9-73bf-9a41-b294650f49e3" testName="Romulus.Tests.ToolRunnerAdapterCoverageTests.Constructor_NegativeTimeout_ClampedTo30" computerName="ASUSTOWER" duration="00:00:00.0019523" startTime="2026-04-27T05:07:14.2108654+02:00" endTime="2026-04-27T05:07:14.2128531+02:00" testType="13cdc9d9-ddb5-4fa4-a97d-d965ccfc6d4b" outcome="Passed" testListId="8c84fa94-04c1-424b-9868-57a2d4851a1d" relativeResultsDirectory="5374f0e1-204b-4131-8dc1-1586aea9ab84" />
    <UnitTestResult executionId="e2d1a24e-1d33-4a90-b2fc-71d621025aa7" testId="8a158a01-9587-a861-7173-866e33a685f4" testName="Romulus.Tests.ClassifierAndRuleEngineCoverageTests.IsNonRomExtension_NonRomWithoutDot_True(ext: &quot;png&quot;)" computerName="ASUSTOWER" duration="00:00:00.0000041" startTime="2026-04-27T05:07:00.0318462+02:00" endTime="2026-04-27T05:07:00.0318794+02:00" testType="13cdc9d9-ddb5-4fa4-a97d-d965ccfc6d4b" outcome="Passed" testListId="8c84fa94-04c1-424b-9868-57a2d4851a1d" relativeResultsDirectory="e2d1a24e-1d33-4a90-b2fc-71d621025aa7" />
    <UnitTestResult executionId="086d1f53-86f2-473a-ad29-cb646a74667b" testId="7271439c-8b15-46ea-a212-6b28b69f32f6" testName="Romulus.Tests.Hashing.ChdTrackHashExtractorTests.ExtractDataSha1_FileDoesNotExist_ReturnsNull" computerName="ASUSTOWER" duration="00:00:00.0007767" startTime="2026-04-27T05:07:17.1921121+02:00" endTime="2026-04-27T05:07:17.1929576+02:00" testType="13cdc9d9-ddb5-4fa4-a97d-d965ccfc6d4b" outcome="Passed" testListId="8c84fa94-04c1-424b-9868-57a2d4851a1d" relativeResultsDirectory="086d1f53-86f2-473a-ad29-cb646a74667b" />
[...]
    <TestEntry testId="d01cce07-fba5-fe7f-4954-704e3309d573" executionId="59dc96b2-6699-401b-af9b-899e8c1b1fb6" testListId="8c84fa94-04c1-424b-9868-57a2d4851a1d" />
    <TestEntry testId="4f32e454-903d-487f-a515-c4f4f6fa4c21" executionId="c27ace86-a3dc-469c-8ff5-638a7c5c32a3" testListId="8c84fa94-04c1-424b-9868-57a2d4851a1d" />
    <TestEntry testId="49be598a-cb7d-3fb9-f5bd-c9782735adf4" executionId="d32e6b62-cdbc-460a-a2e1-4a255d7df5d9" testListId="8c84fa94-04c1-424b-9868-57a2d4851a1d" />
    <TestEntry testId="cba35bd1-d77a-5fcb-b54a-5e07f5688ff8" executionId="92d2d01c-717a-4e16-9609-4be48737ac35" testListId="8c84fa94-04c1-424b-9868-57a2d4851a1d" />
    <TestEntry testId="16cfd8f4-94ac-1a47-2347-c76a2ae3346d" executionId="b4476e72-2228-47cd-8f22-40202188d853" testListId="8c84fa94-04c1-424b-9868-57a2d4851a1d" />
    <TestEntry testId="a9b33792-f7af-cbe1-5e31-1766b34ee8c7" executionId="b89d1b5b-cc2a-4ccd-9a3b-c24d5d1a2960" testListId="8c84fa94-04c1-424b-9868-57a2d4851a1d" />
    <TestEntry testId="671d8246-c45f-5871-9777-5afa71154813" executionId="6dfdf653-2e8f-451a-85a1-7a4965acaba1" testListId="8c84fa94-04c1-424b-9868-57a2d4851a1d" />
    <TestEntry testId="37ea33e7-dda1-a142-5d72-66f6a4577d0e" executionId="397d2442-6107-4607-9ec6-05cc57df9762" testListId="8c84fa94-04c1-424b-9868-57a2d4851a1d" />
    <TestEntry testId="60f783a8-6900-4c89-e5dd-a3ae3c5f5c64" executionId="19a178db-325c-4769-b211-9d358d4fd189" testListId="8c84fa94-04c1-424b-9868-57a2d4851a1d" />
    <TestEntry testId="f681fcd8-db19-aa9c-1452-07691d885259" executionId="485f42ac-834b-484a-9006-99d5ed69536e" testListId="8c84fa94-04c1-424b-9868-57a2d4851a1d" />
    <TestEntry testId="077200ef-9ba8-681b-3c81-1d9ffba36276" executionId="d20588d5-343f-42a8-bb45-477d69e65835" testListId="8c84fa94-04c1-424b-9868-57a2d4851a1d" />
    <TestEntry testId="97048617-f3e3-a4c3-af9f-9932e2fd2f50" executionId="0d904cbd-b6b1-4962-b5ac-7ac57ed85902" testListId="8c84fa94-04c1-424b-9868-57a2d4851a1d" />
    <TestEntry testId="decbe2a5-5ef1-28f0-2065-648d62a752bc" executionId="fc5fd460-27aa-4cbb-88cc-e1a4652049b3" testListId="8c84fa94-04c1-424b-9868-57a2d4851a1d" />
    <TestEntry testId="d24f0517-e8a8-7849-88e5-58ce035c1a23" executionId="2afcebf8-a24b-4fd5-8fc4-f5befb2cb22a" testListId="8c84fa94-04c1-424b-9868-57a2d4851a1d" />
    <TestEntry testId="48e974f2-6aaa-ad7c-6507-e9ac2e7a171a" executionId="418dad08-ef65-40b0-9b21-7cd7a9726c61" testListId="8c84fa94-04c1-424b-9868-57a2d4851a1d" />
    <TestEntry testId="9c23a99e-53d9-9a9f-7960-432b45c35593" executionId="3b87b4be-f272-4388-bc11-ed2eecf54933" testListId="8c84fa94-04c1-424b-9868-57a2d4851a1d" />
    <TestEntry testId="78fa5905-235f-5746-1f3b-a33f17f36cd0" executionId="0858767b-fa3a-4c3a-9d0c-30428a956b17" testListId="8c84fa94-04c1-424b-9868-57a2d4851a1d" />
    <TestEntry testId="52b35cc5-d74b-64da-3718-b911cb0370eb" executionId="efe20ffd-5966-4030-9426-faba2cd1bca5" testListId="8c84fa94-04c1-424b-9868-57a2d4851a1d" />
    <TestEntry testId="5fd79c17-1036-0152-ea61-08f261851201" executionId="bca56014-5315-4bd1-92a6-9581287fb3a0" testListId="8c84fa94-04c1-424b-9868-57a2d4851a1d" />
    <TestEntry testId="e79d2ffa-d636-c64f-6a23-dbe4215264f9" executionId="5beb644a-3cf2-468d-a4b9-f80664201d80" testListId="8c84fa94-04c1-424b-9868-57a2d4851a1d" />
    <TestEntry testId="aad53438-496d-9c1d-40e0-6722a68e9e56" executionId="6e254616-f97a-4552-9873-86e317d4a4c7" testListId="8c84fa94-04c1-424b-9868-57a2d4851a1d" />
    <TestEntry testId="8b555577-c07c-1981-6f4b-4730a3de1a6f" executionId="82d3b5da-ddcd-466d-87b4-22784498519c" testListId="8c84fa94-04c1-424b-9868-57a2d4851a1d" />
    <TestEntry testId="4f7e771d-f540-3272-11eb-8215e9019c73" executionId="c9bbc33b-397a-4ec6-a135-beb241dd0142" testListId="8c84fa94-04c1-424b-9868-57a2d4851a1d" />
    <TestEntry testId="162b129e-1f46-de6a-6c2b-7e8d67da4f54" executionId="14725059-4e71-4bf7-9dd5-5b07d802d5aa" testListId="8c84fa94-04c1-424b-9868-57a2d4851a1d" />
    <TestEntry testId="e0cbd8ef-3976-92b7-b782-3b2d3cbd8107" executionId="b986ffbc-14d6-4bea-8132-01969ead0f0b" testListId="8c84fa94-04c1-424b-9868-57a2d4851a1d" />
    <TestEntry testId="4a1eb79f-d1d9-7cb8-57a5-1bb81e066c92" executionId="133965a0-022a-4e0b-967a-a6b0f4316a54" testListId="8c84fa94-04c1-424b-9868-57a2d4851a1d" />
    <TestEntry testId="c4d90db8-076e-087a-0701-6911a3d16b02" executionId="449c96ee-c195-432f-86cc-dd6619100d69" testListId="8c84fa94-04c1-424b-9868-57a2d4851a1d" />
    <TestEntry testId="10680049-687b-f190-7876-b25bf6da7dd0" executionId="0fe61fad-f519-4777-8d70-ebc6bfebcfdf" testListId="8c84fa94-04c1-424b-9868-57a2d4851a1d" />
    <TestEntry testId="aeddf262-4dae-382a-e771-7157b947ce19" executionId="6b2189e5-5b81-4650-b7d9-258bd50ca5f3" testListId="8c84fa94-04c1-424b-9868-57a2d4851a1d" />
    <TestEntry testId="d1dd756a-5ec8-0517-7ecb-e712c7d0ba64" executionId="71fa0e93-0b77-4f31-8c86-99ea653ad9f1" testListId="8c84fa94-04c1-424b-9868-57a2d4851a1d" />
    <TestEntry testId="2d4fd3db-bb92-cd83-0ac1-e870ccc4e8f4" executionId="28b06ee2-ec01-4eea-84a0-935af7105e95" testListId="8c84fa94-04c1-424b-9868-57a2d4851a1d" />
    <TestEntry testId="4ec084d9-d9ba-1838-5c2d-69aa27581368" executionId="87013832-f58b-471b-854a-958a7a63cae5" testListId="8c84fa94-04c1-424b-9868-57a2d4851a1d" />
    <TestEntry testId="3a8817ae-b8f4-0954-1a0e-62956ef44332" executionId="fa702d91-78a4-464a-90d5-7d20f17299e5" testListId="8c84fa94-04c1-424b-9868-57a2d4851a1d" />
    <TestEntry testId="b5b5c201-53f1-7489-fcbd-7ae0a1b46364" executionId="8b6c38d4-6a94-4bd7-8a9e-0e5ce987d9a1" testListId="8c84fa94-04c1-424b-9868-57a2d4851a1d" />
    <TestEntry testId="53af4107-3793-3c79-cf55-6497bac5977a" executionId="04776d45-f33d-4e97-9f33-86b640d1f021" testListId="8c84fa94-04c1-424b-9868-57a2d4851a1d" />
    <TestEntry testId="9b9b07c7-476c-fb02-6b41-ed0331272d1c" executionId="2a663100-95c7-4117-9280-d3eedba4d0e8" testListId="8c84fa94-04c1-424b-9868-57a2d4851a1d" />
    <TestEntry testId="9d4389dd-f44f-9090-6550-3db6c886220a" executionId="e75cc7c1-9ee3-4ef9-acce-a8ba408741be" testListId="8c84fa94-04c1-424b-9868-57a2d4851a1d" />
    <TestEntry testId="88107e40-2e38-16bb-e326-288204ba3dc4" executionId="b71faef8-bdc7-4a03-9cfa-fcc4c07a2465" testListId="8c84fa94-04c1-424b-9868-57a2d4851a1d" />
    <TestEntry testId="b81f3010-379e-f28f-7bc8-c694c3c283fc" executionId="2deda55f-a83c-4eb6-8d24-73399f4bb5b8" testListId="8c84fa94-04c1-424b-9868-57a2d4851a1d" />
    <TestEntry testId="2aa3d51f-6c28-9e73-b931-821b1b333d15" executionId="da53003e-7959-4acf-b0d3-453b5a1c5b94" testListId="8c84fa94-04c1-424b-9868-57a2d4851a1d" />
    <TestEntry testId="c3d7806c-0a94-328a-7563-56c77ff392a3" executionId="96c82885-2cc0-4e2e-8c9e-d6a13e5839ca" testListId="8c84fa94-04c1-424b-9868-57a2d4851a1d" />
    <TestEntry testId="1272cdfd-d5cc-0e10-3044-60d24c17f39b" executionId="5e854ac8-e986-42e7-8692-9a92ccb1b3e5" testListId="8c84fa94-04c1-424b-9868-57a2d4851a1d" />
    <TestEntry testId="929fb8cd-45e7-e075-1fa7-35b0dd75c3ac" executionId="a35cbbf1-ea72-4e02-b131-6eda4b35873a" testListId="8c84fa94-04c1-424b-9868-57a2d4851a1d" />
    <TestEntry testId="c595b6e7-9124-63bd-0025-7192746bd608" executionId="e5e13801-685d-46a5-bb2c-bf37a10f3d95" testListId="8c84fa94-04c1-424b-9868-57a2d4851a1d" />
    <TestEntry testId="52ba8158-9d1d-5b5d-9686-2966f1177a68" executionId="626b3848-4672-4550-b3e3-897c489cb31c" testListId="8c84fa94-04c1-424b-9868-57a2d4851a1d" />
    <TestEntry testId="f35c6532-0abb-38f9-ee44-96430344ce30" executionId="f36d5625-2aba-4397-ba65-a70ea99eb6bd" testListId="8c84fa94-04c1-424b-9868-57a2d4851a1d" />
    <TestEntry testId="0b3f77ea-f596-cc98-9ec0-5ac6b26ed0e3" executionId="327adfc6-f444-45c4-8c9d-c92c9a83d4b8" testListId="8c84fa94-04c1-424b-9868-57a2d4851a1d" />
    <TestEntry testId="9f7adf62-6d17-b31e-a110-4601493611c9" executionId="b81b791f-afc0-4f9c-84a4-175c10ead020" testListId="8c84fa94-04c1-424b-9868-57a2d4851a1d" />
    <TestEntry testId="b2e2f71d-5c23-b5f2-7535-1ae4c259ab6e" executionId="724b68f1-f0cf-4853-b6d9-65722a19c46b" testListId="8c84fa94-04c1-424b-9868-57a2d4851a1d" />
    <TestEntry testId="d9e994bc-ae87-44db-9482-b669ef1d12fa" executionId="7c0d4816-de9d-40f1-b5fe-81d69d07f443" testListId="8c84fa94-04c1-424b-9868-57a2d4851a1d" />
    <TestEntry testId="f218c2b9-f3e8-144a-2d33-464909f87827" executionId="1006b2d2-fa17-4ec8-85b7-dbd90c0f20e5" testListId="8c84fa94-04c1-424b-9868-57a2d4851a1d" />
    <TestEntry testId="8ad4e48c-60dc-f0fe-d5da-e3c2691de432" executionId="5f2538ba-f194-43da-8e00-5351967ccabe" testListId="8c84fa94-04c1-424b-9868-57a2d4851a1d" />
    <TestEntry testId="a30366da-3d56-1805-a1c7-5c2979a37379" executionId="01531de7-dda3-4634-a921-f05436d6c876" testListId="8c84fa94-04c1-424b-9868-57a2d4851a1d" />
    <TestEntry testId="093e8ba5-83d0-f3e9-6e70-020727b01837" executionId="da3283fb-66dd-4efe-9166-a871efe15fec" testListId="8c84fa94-04c1-424b-9868-57a2d4851a1d" />
    <TestEntry testId="36c6b79a-af23-48fb-11b6-ec767a7e2b4e" executionId="a9fa91e5-8704-4bb0-a1dd-85fd2661e988" testListId="8c84fa94-04c1-424b-9868-57a2d4851a1d" />
    <TestEntry testId="2b42c7de-53fc-a37d-8de9-89fb3bd894b2" executionId="24ce97ba-37a2-46d4-8b05-d96eb9cfedde" testListId="8c84fa94-04c1-424b-9868-57a2d4851a1d" />
    <TestEntry testId="b8900769-743a-8ec8-dfbb-e052daa000c3" executionId="f50ae5e2-a018-49e2-b87e-9747af19ce4c" testListId="8c84fa94-04c1-424b-9868-57a2d4851a1d" />
    <TestEntry testId="d60328b0-5b7b-b37f-e67e-53c2b2e25ce0" executionId="da1f9dd6-fdfa-49bf-b1dc-e6010ca86eec" testListId="8c84fa94-04c1-424b-9868-57a2d4851a1d" />
    <TestEntry testId="e78b920c-bd01-e4d6-845a-ee85b840ac7a" executionId="2ac8f2ff-66c0-4928-9502-ff28c3b6b5ad" testListId="8c84fa94-04c1-424b-9868-57a2d4851a1d" />
    <TestEntry testId="923878ab-0ac0-7ef8-57bb-68246f645d6d" executionId="351114da-2fd7-4afe-ab78-86191f6c4fd8" testListId="8c84fa94-04c1-424b-9868-57a2d4851a1d" />
    <TestEntry testId="c8bd4d16-895e-bb78-76d2-838e60831300" executionId="191286d9-b020-4539-aed8-c9ae64c2d6ee" testListId="8c84fa94-04c1-424b-9868-57a2d4851a1d" />
    <TestEntry testId="2c5f5af1-ab77-2bed-777e-e9d072c10e68" executionId="76bee1b2-3cea-449b-870e-8fa99108119e" testListId="8c84fa94-04c1-424b-9868-57a2d4851a1d" />
    <TestEntry testId="be81ef35-f6f7-4af6-cff4-ff1d44d5520e" executionId="3ddcbf45-0c22-478e-b334-aaea7c00cca3" testListId="8c84fa94-04c1-424b-9868-57a2d4851a1d" />
    <TestEntry testId="5f2a5e4f-6f0a-ec58-8db5-6db7408b96b5" executionId="d71b2781-1172-4e41-ac70-77788c1195a8" testListId="8c84fa94-04c1-424b-9868-57a2d4851a1d" />
    <TestEntry testId="de8436f7-7f72-b397-af8b-9ce95cdf3f41" executionId="4574c04f-a26b-4556-aea4-c255a117b0ca" testListId="8c84fa94-04c1-424b-9868-57a2d4851a1d" />
    <TestEntry testId="e2ad03a6-40b4-2267-6d88-09210e46b313" executionId="3c8ab392-e8ec-4d07-923d-864aed640eb8" testListId="8c84fa94-04c1-424b-9868-57a2d4851a1d" />
    <TestEntry testId="a533f100-3121-77da-9b64-8739dc9c9433" executionId="0d92705e-571c-47b4-8d1c-66fa79c25c46" testListId="8c84fa94-04c1-424b-9868-57a2d4851a1d" />
    <TestEntry testId="e299dd1e-1349-ff5b-38e4-0388aa19dff7" executionId="29c75a78-9514-4fdc-bb9f-9af93f594ba8" testListId="8c84fa94-04c1-424b-9868-57a2d4851a1d" />
    <TestEntry testId="b723adde-91e2-6e1a-e9f2-47a8505a6c03" executionId="2cd75c86-f289-42ba-a3c3-17538bd699fc" testListId="8c84fa94-04c1-424b-9868-57a2d4851a1d" />
    <TestEntry testId="6913e4c9-403b-15e3-ecce-06a61b2ff471" executionId="55774208-8608-4962-996c-1c8187d48a35" testListId="8c84fa94-04c1-424b-9868-57a2d4851a1d" />
    <TestEntry testId="a13fc08d-6ba4-150d-8260-aad438a71319" executionId="9c9fdbf1-0ea6-4a86-aa31-3f7bbd0298b2" testListId="8c84fa94-04c1-424b-9868-57a2d4851a1d" />
    <TestEntry testId="e713c968-a87d-1b24-5419-d36aace1eb22" executionId="fda7d282-ad48-4e05-8bc9-fd766f910e81" testListId="8c84fa94-04c1-424b-9868-57a2d4851a1d" />
    <TestEntry testId="ab6f74aa-6a2d-40b4-9cf0-9e370ad46e0c" executionId="010630e1-872c-431c-b2c1-05d1011d06b4" testListId="8c84fa94-04c1-424b-9868-57a2d4851a1d" />
    <TestEntry testId="ca483776-e36b-8e45-a2b4-34542e64b771" executionId="f7363a5a-8da2-4fac-b32d-eda0bda2120f" testListId="8c84fa94-04c1-424b-9868-57a2d4851a1d" />
    <TestEntry testId="8fddbe8c-e6e1-ce28-ea6b-2d7ef8f7b3f7" executionId="cfc29a0f-2563-46f5-bb79-291d91ece289" testListId="8c84fa94-04c1-424b-9868-57a2d4851a1d" />
    <TestEntry testId="18dfad4c-b4a4-97fa-1ee7-8869a9bc3d66" executionId="8e350732-bdc1-43c9-9973-2f8f215b4c5d" testListId="8c84fa94-04c1-424b-9868-57a2d4851a1d" />
    <TestEntry testId="065f9dc5-e2c6-f1b9-f4ea-d1fd4a2be8f3" executionId="bc89ed11-fc81-4729-928c-13db185a9763" testListId="8c84fa94-04c1-424b-9868-57a2d4851a1d" />
    <TestEntry testId="ea8ef1e9-22a0-8e73-8b31-ffec9bb8e230" executionId="50d01dd5-b28c-4cc4-b83f-407979db13ef" testListId="8c84fa94-04c1-424b-9868-57a2d4851a1d" />
    <TestEntry testId="00ef546e-c51a-9d8b-e61e-28955bd70dda" executionId="0d9368e8-2dad-492e-a6df-afca854d0761" testListId="8c84fa94-04c1-424b-9868-57a2d4851a1d" />
    <TestEntry testId="22b153ee-79c5-3381-09fe-e7137d9e89e8" executionId="4104eefd-df4b-4e7c-b625-78459f270999" testListId="8c84fa94-04c1-424b-9868-57a2d4851a1d" />
    <TestEntry testId="c034d2b8-7f04-3ad9-25eb-4ea6d96dc55e" executionId="5a74d8e3-a382-4a17-afac-00db8ff3e82d" testListId="8c84fa94-04c1-424b-9868-57a2d4851a1d" />
    <TestEntry testId="6e79792a-fbf6-dea4-57f8-6c3f30b498d3" executionId="cc3d7461-b735-4218-bbba-b7317653b3a2" testListId="8c84fa94-04c1-424b-9868-57a2d4851a1d" />
    <TestEntry testId="d2faabb8-a1a0-0b86-d74c-233eb483c1a5" executionId="c4609b56-ff96-44b9-a678-677de5341c53" testListId="8c84fa94-04c1-424b-9868-57a2d4851a1d" />
    <TestEntry testId="c2234d95-91c8-324c-1779-0306af872f95" executionId="5275c8bc-3485-4745-93e1-47247cb343fc" testListId="8c84fa94-04c1-424b-9868-57a2d4851a1d" />
    <TestEntry testId="3676588a-46df-b5a7-5b91-04357d6733d7" executionId="ecfbd65f-5e3f-4785-8868-11b27bb5927a" testListId="8c84fa94-04c1-424b-9868-57a2d4851a1d" />
    <TestEntry testId="dd624311-188a-3db0-c82d-5ad0d89cf6ef" executionId="8754cf95-f45a-40c3-9cf0-5dbbdb1bbf7e" testListId="8c84fa94-04c1-424b-9868-57a2d4851a1d" />
    <TestEntry testId="1fbbfdbb-6bf7-2f3a-a8a3-32ccd5b26f05" executionId="8ecde294-d679-4bd3-be34-1ca8fe75326e" testListId="8c84fa94-04c1-424b-9868-57a2d4851a1d" />
  </TestEntries>
  <TestLists>
    <TestList name="Ergebnisse nicht in einer Liste" id="8c84fa94-04c1-424b-9868-57a2d4851a1d" />
    <TestList name="Alle geladenen Ergebnisse" id="19431567-8539-422a-85d7-44ee4e166bda" />
  </TestLists>
  <ResultSummary outcome="Failed">
    <Counters total="742" executed="742" passed="742" failed="0" error="0" timeout="0" aborted="0" inconclusive="0" passedButRunAborted="0" notRunnable="0" notExecuted="0" disconnected="0" warning="0" completed="0" inProgress="0" pending="0" />
    <Output>
      <StdOut>[xUnit.net 00:00:00.00] xUnit.net VSTest Adapter v3.1.5+1b188a7b0a (64-bit .NET 10.0.7)&#xD;
[xUnit.net 00:00:00.17]   Discovering: Romulus.Tests&#xD;
[xUnit.net 00:00:00.99]   Discovered:  Romulus.Tests&#xD;
[xUnit.net 00:00:01.92]   Starting:    Romulus.Tests&#xD;
info: Microsoft.Hosting.Lifetime[14]&#xD;
      Now listening on: http://127.0.0.1:7878&#xD;
info: Microsoft.Hosting.Lifetime[0]&#xD;
      Application started. Press Ctrl+C to shut down.&#xD;
info: Microsoft.Hosting.Lifetime[0]&#xD;
      Hosting environment: Development&#xD;
info: Microsoft.Hosting.Lifetime[0]&#xD;
      Content root path: C:\Code\Sortierung\src\Romulus.Api&#xD;
[2026-04-27T03:07:10.2754169Z] 629cb15332674b37 GET /openapi \u001a 302 (2ms)&#xD;
[2026-04-27T03:07:10.2990835Z] c43899e8acf3414e GET /openapi/v1.json \u001a 200 (344ms)&#xD;
info: Microsoft.Hosting.Lifetime[0]&#xD;
      Application is shutting down...&#xD;
info: Microsoft.Hosting.Lifetime[14]&#xD;
      Now listening on: http://127.0.0.1:7878&#xD;
info: Microsoft.Hosting.Lifetime[0]&#xD;
      Application started. Press Ctrl+C to shut down.&#xD;
info: Microsoft.Hosting.Lifetime[0]&#xD;
      Hosting environment: Development&#xD;
info: Microsoft.Hosting.Lifetime[0]&#xD;
      Content root path: C:\Code\Sortierung\src\Romulus.Api&#xD;
[2026-04-27T03:07:11.0321203Z] 4b7cc923b92a4950 GET /openapi \u001a 302 (0ms)&#xD;
[2026-04-27T03:07:11.0362286Z] cae649100d284982 GET /openapi/v1.json \u001a 200 (121ms)&#xD;
info: Microsoft.Hosting.Lifetime[0]&#xD;
      Application is shutting down...&#xD;
info: Microsoft.Hosting.Lifetime[14]&#xD;
      Now listening on: http://127.0.0.1:7878&#xD;
info: Microsoft.Hosting.Lifetime[0]&#xD;
      Application started. Press Ctrl+C to shut down.&#xD;
info: Microsoft.Hosting.Lifetime[0]&#xD;
      Hosting environment: Development&#xD;
info: Microsoft.Hosting.Lifetime[0]&#xD;
      Content root path: C:\Code\Sortierung\src\Romulus.Api&#xD;
[2026-04-27T03:07:11.4798456Z] f192a29fdbea457c GET /openapi \u001a 302 (0ms)&#xD;
[2026-04-27T03:07:11.4839206Z] 1984fe7113f445f7 GET /openapi/v1.json \u001a 200 (105ms)&#xD;
info: Microsoft.Hosting.Lifetime[0]&#xD;
      Application is shutting down...&#xD;
info: Microsoft.Hosting.Lifetime[14]&#xD;
      Now listening on: http://127.0.0.1:7878&#xD;
info: Microsoft.Hosting.Lifetime[0]&#xD;
      Application started. Press Ctrl+C to shut down.&#xD;
info: Microsoft.Hosting.Lifetime[0]&#xD;
      Hosting environment: Development&#xD;
info: Microsoft.Hosting.Lifetime[0]&#xD;
      Content root path: C:\Code\Sortierung\src\Romulus.Api&#xD;
[2026-04-27T03:07:12.0416919Z] 9c701b9ce8d744ec GET /openapi \u001a 302 (0ms)&#xD;
[2026-04-27T03:07:12.0456494Z] 7a6b95692e274786 GET /openapi/v1.json \u001a 200 (107ms)&#xD;
info: Microsoft.Hosting.Lifetime[0]&#xD;
      Application is shutting down...&#xD;
info: Microsoft.Hosting.Lifetime[14]&#xD;
      Now listening on: http://127.0.0.1:7878&#xD;
info: Microsoft.Hosting.Lifetime[0]&#xD;
      Application started. Press Ctrl+C to shut down.&#xD;
info: Microsoft.Hosting.Lifetime[0]&#xD;
      Hosting environment: Development&#xD;
info: Microsoft.Hosting.Lifetime[0]&#xD;
      Content root path: C:\Code\Sortierung\src\Romulus.Api&#xD;
[2026-04-27T03:07:12.5310350Z] 812718391545469e GET /openapi \u001a 302 (0ms)&#xD;
[2026-04-27T03:07:12.5342628Z] a524442620264a4e GET /openapi/v1.json \u001a 200 (100ms)&#xD;
info: Microsoft.Hosting.Lifetime[0]&#xD;
      Application is shutting down...&#xD;
info: Microsoft.Hosting.Lifetime[14]&#xD;
      Now listening on: http://127.0.0.1:7878&#xD;
info: Microsoft.Hosting.Lifetime[0]&#xD;
      Application started. Press Ctrl+C to shut down.&#xD;
info: Microsoft.Hosting.Lifetime[0]&#xD;
      Hosting environment: Development&#xD;
info: Microsoft.Hosting.Lifetime[0]&#xD;
      Content root path: C:\Code\Sortierung\src\Romulus.Api&#xD;
[2026-04-27T03:07:12.9935321Z] e9e4fab7d185454a GET /openapi \u001a 302 (0ms)&#xD;
[2026-04-27T03:07:12.9992136Z] 8facfccc97aa4bb6 GET /openapi/v1.json \u001a 200 (98ms)&#xD;
info: Microsoft.Hosting.Lifetime[0]&#xD;
      Application is shutting down...&#xD;
info: Microsoft.Hosting.Lifetime[14]&#xD;
      Now listening on: http://127.0.0.1:7878&#xD;
info: Microsoft.Hosting.Lifetime[0]&#xD;
      Application started. Press Ctrl+C to shut down.&#xD;
info: Microsoft.Hosting.Lifetime[0]&#xD;
      Hosting environment: Development&#xD;
info: Microsoft.Hosting.Lifetime[0]&#xD;
      Content root path: C:\Code\Sortierung\src\Romulus.Api&#xD;
[2026-04-27T03:07:13.4510263Z] f8a88a06491f47b7 GET /openapi \u001a 302 (0ms)&#xD;
[2026-04-27T03:07:13.4578321Z] 4551da06466d400f GET /openapi/v1.json \u001a 200 (82ms)&#xD;
info: Microsoft.Hosting.Lifetime[0]&#xD;
      Application is shutting down...&#xD;
</StdOut>
    </Output>
    <RunInfos>
      <RunInfo computerName="ASUSTOWER" outcome="Error" timestamp="2026-04-27T05:07:18.1018784+02:00">
        <Text>Der aktive Testlauf wurde abgebrochen. Grund: Der Testhostprozess ist abgestürzt.</Text>
      </RunInfo>
    </RunInfos>
  </ResultSummary>
</TestRun>